Finding dispatchers
Finding dispatchers
Gadgets information
============================================================
0x00000000016f2121 : add byte ptr [r8], r8b ; pop rax ; out 0xf4, al ; call qword ptr [rax]
0x000000000165cc0f : add byte ptr [rax - 0x75], cl ; pop rbx ; or byte ptr [rax - 0x7d], cl ; jrcxz 0x165cc19 ; jmp qword ptr [rbx]
0x000000000165cc47 : add byte ptr [rax - 0x75], cl ; pop rbx ; or byte ptr [rax - 0x7d], cl ; jrcxz 0x165cc51 ; jmp qword ptr [rbx]
0x000000000165cc67 : add byte ptr [rax - 0x75], cl ; pop rbx ; or byte ptr [rax - 0x7d], cl ; jrcxz 0x165cc71 ; jmp qword ptr [rbx]
0x00000000016f28b2 : add byte ptr [rax], al ; pop rax ; cmpsd dword ptr [rsi], dword ptr [rdi] ; cmc ; jmp rax
0x00000000016f2032 : add byte ptr [rax], al ; pop rax ; fdiv st(4) ; jmp qword ptr [rax]
0x00000000016f1e42 : add byte ptr [rax], al ; pop rax ; hlt ; call qword ptr [rax]
0x00000000016f19aa : add byte ptr [rax], al ; pop rax ; insb byte ptr [rdi], dx ; lodsb al, byte ptr [rsi] ; call qword ptr [rax]
0x00000000016f2122 : add byte ptr [rax], al ; pop rax ; out 0xf4, al ; call qword ptr [rax]
0x00000000016f221a : add byte ptr [rax], al ; pop rax ; std ; hlt ; call qword ptr [rax]
0x00000000016f23f2 : add byte ptr [rax], al ; pop rax ; sub dh, ch ; call rax
0x00000000016f2e6a : add byte ptr [rax], al ; pop rax ; sub esi, esi ; jmp rax
0x00000000016f2031 : add byte ptr [rax], r8b ; pop rax ; fdiv st(4) ; jmp qword ptr [rax]
0x00000000016f2120 : clc ; add byte ptr [r8], r8b ; pop rax ; out 0xf4, al ; call qword ptr [rax]
0x0000000000471e82 : cli ; pop rbx ; sbb al, 1 ; jmp qword ptr [rbx]
0x0000000000e05b74 : cwde ; pop rbx ; loopne 0xe05b81 ; test bl, 7 ; jne 0xe05ba1 ; jmp qword ptr [rbx]
0x00000000016f202f : dec dword ptr [rax] ; add byte ptr [rax], r8b ; pop rax ; fdiv st(4) ; jmp qword ptr [rax]
0x00000000016f2e67 : dec eax ; xchg eax, ebp ; add byte ptr [rax], al ; pop rax ; sub esi, esi ; jmp rax
0x00000000016f28b0 : enter 0x78, 0 ; pop rax ; cmpsd dword ptr [rsi], dword ptr [rdi] ; cmc ; jmp rax
0x00000000016f2e68 : enter 0x95, 0 ; pop rax ; sub esi, esi ; jmp rax
0x00000000016f202e : hlt ; dec dword ptr [rax] ; add byte ptr [rax], r8b ; pop rax ; fdiv st(4) ; jmp qword ptr [rax]
0x00000000016f2e66 : idiv bh ; enter 0x95, 0 ; pop rax ; sub esi, esi ; jmp rax
0x00000000016f2218 : nop ; push rbp ; add byte ptr [rax], al ; pop rax ; std ; hlt ; call qword ptr [rax]
0x00000000016f2030 : or byte ptr [rax + rax], cl ; pop rax ; fdiv st(4) ; jmp qword ptr [rax]
0x00000000016f28b4 : pop rax ; cmpsd dword ptr [rsi], dword ptr [rdi] ; cmc ; jmp rax
0x00000000016f2034 : pop rax ; fdiv st(4) ; jmp qword ptr [rax]
0x00000000016f1e44 : pop rax ; hlt ; call qword ptr [rax]
0x00000000016f19ac : pop rax ; insb byte ptr [rdi], dx ; lodsb al, byte ptr [rsi] ; call qword ptr [rax]
0x0000000000b6bb2e : pop rax ; jmp rax
0x0000000000e55ee4 : pop rax ; jmp rsp
0x00000000015d0934 : pop rax ; loope 0x15d0933 ; jmp rax
0x00000000016f2124 : pop rax ; out 0xf4, al ; call qword ptr [rax]
0x00000000016f221c : pop rax ; std ; hlt ; call qword ptr [rax]
0x00000000016f23f4 : pop rax ; sub dh, ch ; call rax
0x00000000016f2e6c : pop rax ; sub esi, esi ; jmp rax
0x0000000000511ee3 : pop rbx ; adc al, byte ptr [rcx] ; jmp qword ptr [rbx]
0x0000000001531e93 : pop rbx ; adc byte ptr [rax], al ; jmp qword ptr [rbx]
0x0000000001115b0d : pop rbx ; adc dword ptr [rcx], eax ; test bl, 7 ; jne 0x1115b30 ; jmp qword ptr [rbx]
0x0000000001005b6d : pop rbx ; add byte ptr [rcx], al ; test bl, 7 ; jne 0x1005b90 ; jmp qword ptr [rbx]
0x000000000052dc53 : pop rbx ; add dword ptr [rcx], eax ; jmp qword ptr [rbx]
0x0000000000b6b1c2 : pop rbx ; add eax, 0x7507c3f6 ; scasd eax, dword ptr [rdi] ; jmp qword ptr [rbx]
0x000000000141bc8a : pop rbx ; add eax, 0x7507c3f6 ; xchg eax, edi ; jmp qword ptr [rbx]
0x0000000000891ecb : pop rbx ; fiadd dword ptr [rax] ; jmp qword ptr [rbx]
0x0000000000412d8c : pop rbx ; jmp qword ptr [rbx]
0x00000000007b5b95 : pop rbx ; jnp 0x7b5ba0 ; test bl, 7 ; jne 0x7b5bc0 ; jmp qword ptr [rbx]
0x0000000000705afd : pop rbx ; jo 0x705b08 ; test bl, 7 ; jne 0x705b20 ; jmp qword ptr [rbx]
0x0000000000a26a10 : pop rbx ; js 0xa26a16 ; jmp qword ptr [rbx]
0x0000000000e05b75 : pop rbx ; loopne 0xe05b80 ; test bl, 7 ; jne 0xe05ba0 ; jmp qword ptr [rbx]
0x0000000000a1d1e8 : pop rbx ; mov al, 0 ; jmp qword ptr [rbx]
0x0000000000b75b2e : pop rbx ; mov bh, 0 ; test bl, 7 ; jne 0xb75b50 ; jmp qword ptr [rbx]
0x0000000000b75b2d : pop rbx ; mov bh, 0 ; test bl, 7 ; jne 0xb75b51 ; jmp qword ptr [rbx]
0x0000000000b95aed : pop rbx ; mov ecx, 0x7c3f600 ; jne 0xb95b18 ; jmp qword ptr [rbx]
0x000000000165cc12 : pop rbx ; or byte ptr [rax - 0x7d], cl ; jrcxz 0x165cc16 ; jmp qword ptr [rbx]
0x000000000165cc4a : pop rbx ; or byte ptr [rax - 0x7d], cl ; jrcxz 0x165cc4e ; jmp qword ptr [rbx]
0x000000000165cc6a : pop rbx ; or byte ptr [rax - 0x7d], cl ; jrcxz 0x165cc6e ; jmp qword ptr [rbx]
0x000000000091d317 : pop rbx ; or eax, 0x7507c3f6 ; push rdx ; jmp qword ptr [rbx]
0x00000000015ee592 : pop rbx ; or eax, 0x7507c3f6 ; xchg eax, edi ; jmp qword ptr [rbx]
0x00000000007d1e9b : pop rbx ; out 0, al ; jmp qword ptr [rbx]
0x000000000043a186 : pop rbx ; pop rdi ; test bl, 7 ; jne 0x43a1af ; jmp qword ptr [rbx]
0x00000000005333ba : pop rbx ; pop rdi ; test bl, 7 ; jne 0x5333df ; jmp qword ptr [rbx]
0x000000000053345a : pop rbx ; push rdi ; test bl, 7 ; jne 0x53347f ; jmp qword ptr [rbx]
0x0000000000698d9a : pop rbx ; push rdi ; test bl, 7 ; jne 0x698dbf ; jmp qword ptr [rbx]
0x0000000000d05b65 : pop rbx ; rol byte ptr [rax], 1 ; test bl, 7 ; jne 0xd05bc0 ; jmp qword ptr [rbx]
0x0000000000471e83 : pop rbx ; sbb al, 1 ; jmp qword ptr [rbx]
0x0000000000481e9b : pop rbx ; sbb eax, dword ptr [rcx] ; jmp qword ptr [rbx]
0x00000000005334fa : pop rbx ; test r11b, 7 ; jne 0x53351f ; jmp qword ptr [rbx]
0x000000000053359a : pop rbx ; test r11b, 7 ; jne 0x5335bf ; jmp qword ptr [rbx]
0x0000000000acbb32 : pop rbx ; test r11b, 7 ; jne 0xacbb57 ; jmp qword ptr [rbx]
0x0000000000acbd7a : pop rbx ; test r11b, 7 ; jne 0xacbdcf ; jmp qword ptr [rbx]
0x0000000000acbeda : pop rbx ; test r11b, 7 ; jne 0xacbeff ; jmp qword ptr [rbx]
0x0000000000acc10a : pop rbx ; test r11b, 7 ; jne 0xacc12f ; jmp qword ptr [rbx]
0x0000000000acc1b2 : pop rbx ; test r11b, 7 ; jne 0xacc207 ; jmp qword ptr [rbx]
0x0000000000f5e55a : pop rbx ; test r11b, 7 ; jne 0xf5e57f ; jmp qword ptr [rbx]
0x00000000016c00dc : pop rcx ; adc byte ptr [rax], al ; add byte ptr [rax + 0x11], ah ; add byte ptr [rax], al ; call qword ptr [rcx]
0x0000000000481f22 : pop rdx ; pop rbx ; sbb eax, dword ptr [rcx] ; jmp qword ptr [rbx]
0x00000000016f2219 : push rbp ; add byte ptr [rax], al ; pop rax ; std ; hlt ; call qword ptr [rax]
0x0000000000471f2a : push rdx ; pop rbx ; sbb al, 1 ; jmp qword ptr [rbx]
0x00000000015d0932 : sub cl, ch ; pop rax ; loope 0x15d0935 ; jmp rax
0x00000000016f2e69 : xchg eax, ebp ; add byte ptr [rax], al ; pop rax ; sub esi, esi ; jmp rax

Unique gadgets found: 79
