Finding dispatchers
Gadgets information
============================================================
0x00000000032bcc8f : add byte ptr [rax - 0x75], cl ; pop rbx ; or byte ptr [rax - 0x7d], cl ; jrcxz 0x32bcc99 ; jmp qword ptr [rbx]
0x00000000032bccc7 : add byte ptr [rax - 0x75], cl ; pop rbx ; or byte ptr [rax - 0x7d], cl ; jrcxz 0x32bccd1 ; jmp qword ptr [rbx]
0x00000000019ec9c8 : add byte ptr [rax], al ; add cl, ch ; pop rax ; idiv bh ; jmp qword ptr [rax]
0x0000000000a27e50 : add byte ptr [rcx - 1], al ; clc ; nop dword ptr [rax] ; pop rax ; jmp rsp
0x00000000019ec9ca : add cl, ch ; pop rax ; idiv bh ; jmp qword ptr [rax]
0x000000000323b0e0 : and ecx, dword ptr [rax - 0x75] ; pop rbx ; and rbx, 0xfffffffffffffff8 ; jmp qword ptr [rbx]
0x000000000323b11c : and ecx, dword ptr [rax - 0x75] ; pop rbx ; ja 0x323b173 ; and ebx, 0xfffffff8 ; jmp qword ptr [rbx]
0x000000000323b126 : and ecx, dword ptr [rax - 0x75] ; pop rbx ; jg 0x323b17d ; and ebx, 0xfffffff8 ; jmp qword ptr [rbx]
0x000000000323b112 : and ecx, dword ptr [rax - 0x75] ; pop rbx ; outsd dx, dword ptr [rsi] ; and rbx, 0xfffffffffffffff8 ; jmp qword ptr [rbx]
0x000000000323b0fe : and ecx, dword ptr [rax - 0x75] ; pop rbx ; pop rdi ; and rbx, 0xfffffffffffffff8 ; jmp qword ptr [rbx]
0x000000000323b0f4 : and ecx, dword ptr [rax - 0x75] ; pop rbx ; push rdi ; and rbx, 0xfffffffffffffff8 ; jmp qword ptr [rbx]
0x0000000000a27e54 : clc ; nop dword ptr [rax] ; pop rax ; jmp rsp
0x0000000000e1c3df : movsd dword ptr [rdi], dword ptr [rsi] ; pop rbx ; or al, byte ptr [rbx] ; add rbp, -0x10 ; jmp qword ptr [rbx]
0x00000000019ec9c7 : nop ; add byte ptr [rax], al ; add cl, ch ; pop rax ; idiv bh ; jmp qword ptr [rax]
0x0000000001fb5a9c : nop ; pop rbx ; mov bh, 1 ; jmp qword ptr [rbx]
0x0000000000a27e55 : nop dword ptr [rax] ; pop rax ; jmp rsp
0x00000000019ec9cc : pop rax ; idiv bh ; jmp qword ptr [rax]
0x0000000000a27e58 : pop rax ; jmp rsp
0x000000000235a2e4 : pop rax ; loopne 0x235a2e9 ; call qword ptr [rax]
0x0000000002cd38c1 : pop rax ; mov dword ptr [r13 + 0x50], eax ; mov rax, qword ptr [rbx] ; call qword ptr [rax]
0x0000000002b7e9d2 : pop rax ; mov edx, 0x610 ; pop rbx ; pop rbp ; jmp rax
0x0000000002cc1855 : pop rax ; mov rdx, qword ptr [rsp + 0x50] ; mov rsi, rbx ; call rax
0x0000000002cc299f : pop rax ; test rax, rax ; je 0x2cc29ba ; mov rsi, rbp ; call rax
0x000000000191e411 : pop rbx ; adc byte ptr [rdx + rax], 0x48 ; add ebp, 8 ; jmp qword ptr [rbx]
0x0000000001df2989 : pop rbx ; adc dword ptr [rip - 0x3a7cb7fe], ecx ; jmp qword ptr [rbx]
0x000000000097ebb6 : pop rbx ; add al, 3 ; add rbp, 8 ; jmp qword ptr [rbx]
0x0000000001f36bc5 : pop rbx ; add byte ptr [rax], al ; jmp qword ptr [rbx]
0x0000000002c08299 : pop rbx ; add dword ptr [rdi], 0xf065ff41 ; jmp qword ptr [rbx]
0x00000000031d99c2 : pop rbx ; add eax, 0x7507c3f6 ; cmpsd dword ptr [rsi], dword ptr [rdi] ; jmp qword ptr [rbx]
0x0000000001ef7d1a : pop rbx ; add eax, 0x7507c3f6 ; lahf ; jmp qword ptr [rbx]
0x00000000029584f4 : pop rbx ; add eax, 0x7507c3f6 ; movsd dword ptr [rdi], dword ptr [rsi] ; jmp qword ptr [rbx]
0x00000000028b07e5 : pop rbx ; add eax, 0x7507c3f6 ; pushfq ; jmp qword ptr [rbx]
0x00000000031f337a : pop rbx ; add eax, 0x7507c3f6 ; xchg eax, edi ; jmp qword ptr [rbx]
0x00000000007a8da1 : pop rbx ; and byte ptr [rbx], r8b ; add rbp, 8 ; jmp qword ptr [rbx]
0x0000000000c8f489 : pop rbx ; and r8d, dword ptr [rbx] ; add rbp, 0x48 ; jmp qword ptr [rbx]
0x000000000323b0e3 : pop rbx ; and rbx, 0xfffffffffffffff8 ; jmp qword ptr [rbx]
0x000000000056b041 : pop rbx ; call rbx
0x0000000001fb3411 : pop rbx ; clc ; mov bh, 1 ; jmp qword ptr [rbx]
0x00000000019a0089 : pop rbx ; cmp dl, byte ptr [rdx + 2] ; add rbp, 0x30 ; jmp qword ptr [rbx]
0x000000000182a289 : pop rbx ; cwde ; imul eax, dword ptr [rdx], 0x48c58348 ; jmp qword ptr [rbx]
0x00000000028ca1d9 : pop rbx ; fstp qword ptr [rax + rax - 0xf9a00bf] ; jmp qword ptr [rbx]
0x0000000000a413d9 : pop rbx ; imul eax, dword ptr [rbp + 0x65ff4102], -0x10 ; jmp qword ptr [rbx]
0x0000000000549899 : pop rbx ; imul esi, dword ptr [rbx + 0x65ff4102], -0x10 ; jmp qword ptr [rbx]
0x000000000323b11f : pop rbx ; ja 0x323b170 ; and ebx, 0xfffffff8 ; jmp qword ptr [rbx]
0x000000000323b129 : pop rbx ; jg 0x323b17a ; and ebx, 0xfffffff8 ; jmp qword ptr [rbx]
0x0000000000eb13b4 : pop rbx ; jmp qword ptr [rbx]
0x00000000027993b5 : pop rbx ; jo 0x27993c2 ; add rbp, 8 ; jmp qword ptr [rbx]
0x000000000279fd6b : pop rbx ; jo 0x279fd76 ; add rbp, 8 ; jmp qword ptr [rbx]
0x000000000279fd78 : pop rbx ; jo 0x279fd83 ; add rbp, 8 ; jmp qword ptr [rbx]
0x000000000279fdab : pop rbx ; jo 0x279fdb6 ; add rbp, 8 ; jmp qword ptr [rbx]
0x000000000223d239 : pop rbx ; lcall [rsi + 0x7c3f601] ; jne 0x223d269 ; jmp qword ptr [rbx]
0x0000000001898a21 : pop rbx ; lea ebx, [rdx + rax] ; add rbp, 8 ; jmp qword ptr [rbx]
0x0000000001fe5ba1 : pop rbx ; mov ah, 1 ; jmp qword ptr [rbx]
0x0000000001fb5a8b : pop rbx ; mov bh, 1 ; jmp qword ptr [rbx]
0x0000000000a3b8d9 : pop rbx ; mov byte ptr [rbp + 0x65ff4102], 0xf0 ; jmp qword ptr [rbx]
0x0000000001fe4623 : pop rbx ; mov ch, 1 ; jmp qword ptr [rbx]
0x0000000002c23c99 : pop rbx ; mov dword ptr [rbp], 0xf065ff41 ; jmp qword ptr [rbx]
0x000000000140a81a : pop rbx ; mov dword ptr [rcx], 0xf065ff41 ; jmp qword ptr [rbx]
0x0000000000e1c3e0 : pop rbx ; or al, byte ptr [rbx] ; add rbp, -0x10 ; jmp qword ptr [rbx]
0x00000000032bcc92 : pop rbx ; or byte ptr [rax - 0x7d], cl ; jrcxz 0x32bcc96 ; jmp qword ptr [rbx]
0x00000000032bccca : pop rbx ; or byte ptr [rax - 0x7d], cl ; jrcxz 0x32bccce ; jmp qword ptr [rbx]
0x00000000029dfed9 : pop rbx ; or byte ptr [rbx + 0x65ff4100], 0xf0 ; jmp qword ptr [rbx]
0x000000000323b115 : pop rbx ; outsd dx, dword ptr [rsi] ; and rbx, 0xfffffffffffffff8 ; jmp qword ptr [rbx]
0x00000000018869d5 : pop rbx ; outsd dx, dword ptr [rsi] ; test bl, 7 ; jne 0x188696f ; jmp qword ptr [rbx]
0x000000000323b101 : pop rbx ; pop rdi ; and rbx, 0xfffffffffffffff8 ; jmp qword ptr [rbx]
0x0000000001028725 : pop rbx ; pop rdi ; test bl, 7 ; jne 0x1028747 ; jmp qword ptr [rbx]
0x00000000010300e5 : pop rbx ; pop rdi ; test bl, 7 ; jne 0x1030087 ; jmp qword ptr [rbx]
0x0000000001046c45 : pop rbx ; pop rdi ; test bl, 7 ; jne 0x1046c6f ; jmp qword ptr [rbx]
0x00000000011308e5 : pop rbx ; pop rdi ; test bl, 7 ; jne 0x113089f ; jmp qword ptr [rbx]
0x000000000161d4e5 : pop rbx ; pop rdi ; test bl, 7 ; jne 0x161d517 ; jmp qword ptr [rbx]
0x000000000165593d : pop rbx ; pop rdi ; test bl, 7 ; jne 0x165596f ; jmp qword ptr [rbx]
0x00000000016e8445 : pop rbx ; pop rdi ; test bl, 7 ; jne 0x16e846f ; jmp qword ptr [rbx]
0x0000000001c9c275 : pop rbx ; pop rdi ; test bl, 7 ; jne 0x1c9c21f ; jmp qword ptr [rbx]
0x000000000252694d : pop rbx ; pop rdi ; test bl, 7 ; jne 0x2526977 ; jmp qword ptr [rbx]
0x0000000002526cad : pop rbx ; pop rdi ; test bl, 7 ; jne 0x2526cd7 ; jmp qword ptr [rbx]
0x00000000028e6d4d : pop rbx ; pop rdi ; test bl, 7 ; jne 0x28e6d77 ; jmp qword ptr [rbx]
0x00000000028e72b5 : pop rbx ; pop rdi ; test bl, 7 ; jne 0x28e72df ; jmp qword ptr [rbx]
0x00000000028e7385 : pop rbx ; pop rdi ; test bl, 7 ; jne 0x28e73af ; jmp qword ptr [rbx]
0x000000000297191d : pop rbx ; pop rdi ; test bl, 7 ; jne 0x2971947 ; jmp qword ptr [rbx]
0x0000000000eb6e8d : pop rbx ; pop rdi ; test bl, 7 ; jne 0xeb6eaf ; jmp qword ptr [rbx]
0x000000000140a599 : pop rbx ; pop rsi ; mov dword ptr [rcx], 0xf065ff41 ; jmp qword ptr [rbx]
0x0000000001e1c241 : pop rbx ; pop rsi ; or byte ptr [rdx], al ; add rbp, 8 ; jmp qword ptr [rbx]
0x0000000001fe28e1 : pop rbx ; push rcx ; mov ch, 1 ; jmp qword ptr [rbx]
0x000000000323b0f7 : pop rbx ; push rdi ; and rbx, 0xfffffffffffffff8 ; jmp qword ptr [rbx]
0x0000000001060945 : pop rbx ; push rdi ; test bl, 7 ; jne 0x1060907 ; jmp qword ptr [rbx]
0x0000000001395dfd : pop rbx ; push rdi ; test bl, 7 ; jne 0x1395d8f ; jmp qword ptr [rbx]
0x0000000002525175 : pop rbx ; push rdi ; test bl, 7 ; jne 0x252519f ; jmp qword ptr [rbx]
0x00000000025262cd : pop rbx ; push rdi ; test bl, 7 ; jne 0x25262f7 ; jmp qword ptr [rbx]
0x00000000029ca345 : pop rbx ; push rdi ; test bl, 7 ; jne 0x29ca36f ; jmp qword ptr [rbx]
0x00000000029cb1dd : pop rbx ; push rdi ; test bl, 7 ; jne 0x29cb207 ; jmp qword ptr [rbx]
0x00000000029cb2ad : pop rbx ; push rdi ; test bl, 7 ; jne 0x29cb2d7 ; jmp qword ptr [rbx]
0x0000000002b0e05d : pop rbx ; push rdi ; test bl, 7 ; jne 0x2b0e017 ; jmp qword ptr [rbx]
0x000000000140b199 : pop rbx ; push rdx ; mov dword ptr [rcx], 0xf065ff41 ; jmp qword ptr [rbx]
0x0000000001fb5c31 : pop rbx ; push rsp ; mov bh, 1 ; jmp qword ptr [rbx]
0x0000000001fe39a1 : pop rbx ; pushfq ; mov ch, 1 ; jmp qword ptr [rbx]
0x00000000009fbdd9 : pop rbx ; ror dword ptr [rcx + 0x65ff4102], -0x10 ; jmp qword ptr [rbx]
0x0000000000554399 : pop rbx ; sal byte ptr [rdx + 0x65ff4102], 0xf0 ; jmp qword ptr [rbx]
0x000000000273bdd9 : pop rbx ; sal dword ptr [rbp + 0x65ff4100], -0x10 ; jmp qword ptr [rbx]
0x0000000002d3378d : pop rbx ; sbb dword ptr [rcx], eax ; add rbp, -0x10 ; jmp qword ptr [rbx]
0x0000000001584399 : pop rbx ; shr byte ptr [rdi + 0x65ff4101], 0xf0 ; jmp qword ptr [rbx]
0x0000000002ba25d7 : pop rbx ; sub al, 1 ; add rbp, 8 ; jmp qword ptr [rbx]
0x000000000113081d : pop rbx ; test bl, 7 ; jne 0x11307cf ; jmp qword ptr [rbx]
0x000000000143255d : pop rbx ; test bl, 7 ; jne 0x143252f ; jmp qword ptr [rbx]
0x0000000001443f2d : pop rbx ; test bl, 7 ; jne 0x1443ef7 ; jmp qword ptr [rbx]
0x000000000146ecdd : pop rbx ; test bl, 7 ; jne 0x146eca7 ; jmp qword ptr [rbx]
0x000000000147004d : pop rbx ; test bl, 7 ; jne 0x1470017 ; jmp qword ptr [rbx]
0x0000000001470225 : pop rbx ; test bl, 7 ; jne 0x14701ef ; jmp qword ptr [rbx]
0x00000000014a801d : pop rbx ; test bl, 7 ; jne 0x14a7fe7 ; jmp qword ptr [rbx]
0x00000000014a9215 : pop rbx ; test bl, 7 ; jne 0x14a91df ; jmp qword ptr [rbx]
0x00000000014a96cd : pop rbx ; test bl, 7 ; jne 0x14a9697 ; jmp qword ptr [rbx]
0x00000000014ad09d : pop rbx ; test bl, 7 ; jne 0x14ad067 ; jmp qword ptr [rbx]
0x00000000014ad165 : pop rbx ; test bl, 7 ; jne 0x14ad12f ; jmp qword ptr [rbx]
0x00000000014ae925 : pop rbx ; test bl, 7 ; jne 0x14ae8ef ; jmp qword ptr [rbx]
0x00000000014cebe5 : pop rbx ; test bl, 7 ; jne 0x14cebaf ; jmp qword ptr [rbx]
0x00000000015009f5 : pop rbx ; test bl, 7 ; jne 0x15009c7 ; jmp qword ptr [rbx]
0x0000000001528e2d : pop rbx ; test bl, 7 ; jne 0x1528def ; jmp qword ptr [rbx]
0x00000000016caedd : pop rbx ; test bl, 7 ; jne 0x16caea7 ; jmp qword ptr [rbx]
0x0000000001763975 : pop rbx ; test bl, 7 ; jne 0x1763947 ; jmp qword ptr [rbx]
0x00000000017cba85 : pop rbx ; test bl, 7 ; jne 0x17cba3f ; jmp qword ptr [rbx]
0x000000000187b5bd : pop rbx ; test bl, 7 ; jne 0x187b57f ; jmp qword ptr [rbx]
0x0000000001b4cf1d : pop rbx ; test bl, 7 ; jne 0x1b4cedf ; jmp qword ptr [rbx]
0x0000000001c410c5 : pop rbx ; test bl, 7 ; jne 0x1c41087 ; jmp qword ptr [rbx]
0x0000000001df9e15 : pop rbx ; test bl, 7 ; jne 0x1df9dd7 ; jmp qword ptr [rbx]
0x0000000002ae44cd : pop rbx ; test bl, 7 ; jne 0x2ae4467 ; jmp qword ptr [rbx]
0x0000000002b0defd : pop rbx ; test bl, 7 ; jne 0x2b0df1f ; jmp qword ptr [rbx]
0x000000000196b589 : pop rbx ; test dword ptr [rbp + 2], edx ; add rbp, 0x48 ; jmp qword ptr [rbx]
0x0000000001395f65 : pop rbx ; test r11b, 7 ; jne 0x1395f0f ; jmp qword ptr [rbx]
0x00000000014c1ff5 : pop rbx ; test r11b, 7 ; jne 0x14c2057 ; jmp qword ptr [rbx]
0x00000000014c21cd : pop rbx ; test r11b, 7 ; jne 0x14c2187 ; jmp qword ptr [rbx]
0x00000000015db155 : pop rbx ; test r11b, 7 ; jne 0x15db117 ; jmp qword ptr [rbx]
0x000000000160391d : pop rbx ; test r11b, 7 ; jne 0x1603947 ; jmp qword ptr [rbx]
0x000000000160a2e5 : pop rbx ; test r11b, 7 ; jne 0x160a317 ; jmp qword ptr [rbx]
0x000000000165b3a5 : pop rbx ; test r11b, 7 ; jne 0x165b33f ; jmp qword ptr [rbx]
0x0000000001674905 : pop rbx ; test r11b, 7 ; jne 0x16748af ; jmp qword ptr [rbx]
0x0000000001cdb845 : pop rbx ; test r11b, 7 ; jne 0x1cdb86f ; jmp qword ptr [rbx]
0x0000000001cdc13d : pop rbx ; test r11b, 7 ; jne 0x1cdc167 ; jmp qword ptr [rbx]
0x0000000002524fc5 : pop rbx ; test r11b, 7 ; jne 0x2524fef ; jmp qword ptr [rbx]
0x000000000252620d : pop rbx ; test r11b, 7 ; jne 0x2526237 ; jmp qword ptr [rbx]
0x000000000296f36d : pop rbx ; test r11b, 7 ; jne 0x296f327 ; jmp qword ptr [rbx]
0x00000000029c77dd : pop rbx ; test r11b, 7 ; jne 0x29c778f ; jmp qword ptr [rbx]
0x0000000000cafb45 : pop rbx ; test r11b, 7 ; jne 0xcafb07 ; jmp qword ptr [rbx]
0x000000000147b389 : pop rbx ; xchg dword ptr [rdx + rax + 0x48c58348], esp ; jmp qword ptr [rbx]
0x0000000000cfa489 : pop rbx ; xchg eax, esi ; sbb al, 3 ; add rbp, 0x30 ; jmp qword ptr [rbx]
0x0000000000548099 : pop rbx ; xor dword ptr [rbx + 0x65ff4102], 0xfffffff0 ; jmp qword ptr [rbx]
0x0000000001722275 : pop rbx ; xor eax, dword ptr [rdx] ; add rbp, 0x28 ; jmp qword ptr [rbx]
0x0000000001b8df32 : pop rbx ; xor eax, dword ptr [rdx] ; add rbp, 0x48 ; jmp qword ptr [rbx]
0x0000000000efacd5 : pop rdi ; call qword ptr [rdi]
0x0000000001fe463d : pop rdi ; pop rbx ; mov ch, 1 ; jmp qword ptr [rbx]
0x0000000002d3378c : push rax ; pop rbx ; sbb dword ptr [rcx], eax ; add rbp, -0x10 ; jmp qword ptr [rbx]
0x0000000001f36bc3 : test dword ptr [rax], esi ; pop rbx ; add byte ptr [rax], al ; jmp qword ptr [rbx]
0x000000000235a2e2 : xor cl, ch ; pop rax ; loopne 0x235a2eb ; call qword ptr [rax]

Unique gadgets found: 151
