Gadgets information
============================================================
0x000000000002632c : and al, 0x1c ; pop r8 ; pop r9 ; jmp 0x26161
0x000000000002632b : and al, 0x1c ; pop r8 ; pop r9 ; jmp 0x26162
0x000000000002632a : mov dword ptr [rsp + 0x1c], eax ; pop r8 ; pop r9 ; jmp 0x26163
0x0000000000025880 : mov ebp, eax ; pop r8 ; jmp 0x256cf
0x00000000000299e0 : mov edx, eax ; pop r8 ; jmp 0x2969c
0x000000000002529e : mov esp, eax ; pop r8 ; jmp 0x251e7
0x00000000000299df : mov r10d, eax ; pop r8 ; jmp 0x2969d
0x000000000002529d : mov r12d, eax ; pop r8 ; jmp 0x251e8
0x000000000014f2ba : pop r8 ; jmp 0x14f275
0x00000000000252a0 : pop r8 ; jmp 0x251e5
0x0000000000025882 : pop r8 ; jmp 0x256cd
0x00000000000299e2 : pop r8 ; jmp 0x2969a
0x0000000000155fc6 : pop r8 ; mov eax, 1 ; ret
0x0000000000025d4f : pop r8 ; mov ebp, eax ; pop r9 ; jmp 0x25be9
0x000000000008fd61 : pop r8 ; mov qword ptr [rbx + 0x50], rax ; jmp 0x8fd35
0x0000000000028b3d : pop r8 ; mov r15d, eax ; pop r9 ; jmp 0x2857a
0x000000000002632e : pop r8 ; pop r9 ; jmp 0x2615f
0x000000000014f545 : pop r8 ; sub qword ptr [rbx + 0x68], 4 ; jmp 0x14f50a
0x000000000002587f : pop rdi ; mov ebp, eax ; pop r8 ; jmp 0x256d0
0x00000000000299de : pop rdi ; mov r10d, eax ; pop r8 ; jmp 0x2969e
0x000000000002529c : pop rdi ; mov r12d, eax ; pop r8 ; jmp 0x251e9
0x000000000002529b : xlatb ; pop rdi ; mov r12d, eax ; pop r8 ; jmp 0x251ea

Unique gadgets found: 22
