Gadgets information
============================================================
0x0000000000066e70 : add al, ch ; pop rdx ; mov ah, 1 ; add byte ptr [rax + 0x39], cl ; ret
0x00000000001d750e : add byte ptr [rax], al ; enter 0x13d, 0 ; pop rsp ; pop rdx ; hlt ; call qword ptr [rdx]
0x00000000001663f3 : add byte ptr [rax], al ; mov qword ptr [rbx + 0x10], rax ; pop rax ; pop rdx ; pop rbx ; ret
0x00000000001663ab : add byte ptr [rax], al ; mov qword ptr [rbx + 0x18], rax ; pop rax ; pop rdx ; pop rbx ; ret
0x000000000016686e : add byte ptr [rax], al ; mov qword ptr [rbx], rax ; pop rax ; pop rdx ; pop rbx ; ret
0x00000000001d7512 : add dword ptr [rax], eax ; pop rsp ; pop rdx ; hlt ; call qword ptr [rdx]
0x00000000000a6acd : add dword ptr [rax], edi ; pop rdx ; add eax, 0xd2312d75 ; jmp 0xa6af3
0x00000000000a4cdc : add dword ptr [rax], edi ; pop rdx ; add eax, 0xd2312e75 ; jmp 0xa4d03
0x0000000000134e43 : add ebx, esi ; lcall [rax + 0x48] ; mov eax, ebx ; pop rdx ; pop rbx ; ret
0x000000000014cbcd : and al, 0x2c ; pop rdx ; pop rcx ; jmp 0x14cbe3
0x000000000014cbcc : and al, 0x2c ; pop rdx ; pop rcx ; jmp 0x14cbe4
0x00000000000cf1f5 : cli ; jno 0xcf27e ; pop rdx ; mov r15d, r10d ; jmp 0xcf087
0x00000000000d5bfc : dec dword ptr [rax - 0x73] ; pop rdx ; cmc ; xor edx, edx ; jmp 0xd57dc
0x00000000001d7510 : enter 0x13d, 0 ; pop rsp ; pop rdx ; hlt ; call qword ptr [rdx]
0x000000000011c656 : hlt ; lcall [rax + 0x48] ; mov eax, ebx ; pop rdx ; pop rbx ; ret
0x00000000000a1893 : in al, 0x74 ; pop rdx ; mov r14, rdi ; jmp 0xa18ae
0x0000000000108553 : in al, dx ; pop rdx ; add byte ptr cs:[rdx], al ; jmp 0x107d95
0x00000000001ac3de : jae 0x1ac3b9 ; push rsi ; pop rdx ; je 0x1ac3ae ; ret 0xacfc
0x00000000001306b2 : jne 0x1306a9 ; pop rdx ; pop r10 ; ret
0x00000000000cf1f6 : jno 0xcf27d ; pop rdx ; mov r15d, r10d ; jmp 0xcf086
0x00000000001ac3c1 : js 0x1ac441 ; pop rdx ; retf
0x000000000011c657 : lcall [rax + 0x48] ; mov eax, ebx ; pop rdx ; pop rbx ; ret
0x00000000001ac4f1 : loope 0x1ac573 ; pop rdx ; leave ; retf
0x000000000013997d : mov dh, 0xf2 ; lcall [rax + 0x48] ; mov eax, ebx ; pop rdx ; pop rbx ; ret
0x00000000001663f6 : mov dword ptr [rbx + 0x10], eax ; pop rax ; pop rdx ; pop rbx ; ret
0x00000000001663ae : mov dword ptr [rbx + 0x18], eax ; pop rax ; pop rdx ; pop rbx ; ret
0x0000000000166871 : mov dword ptr [rbx], eax ; pop rax ; pop rdx ; pop rbx ; ret
0x0000000000103cc7 : mov dword ptr [rdx], ecx ; pop rdx ; pop rcx ; pop rbx ; ret
0x000000000014cbcb : mov eax, dword ptr [rsp + 0x2c] ; pop rdx ; pop rcx ; jmp 0x14cbe5
0x000000000011c65a : mov eax, ebx ; pop rdx ; pop rbx ; ret
0x00000000000e316d : mov ebx, eax ; pop rax ; pop rdx ; jmp 0xe3102
0x00000000001ac4ee : mov ecx, 0x7ce1a201 ; pop rdx ; leave ; retf
0x0000000000027ab2 : mov edi, eax ; pop rax ; pop rdx ; jmp 0x27541
0x000000000011c655 : mov esp, esi ; lcall [rax + 0x48] ; mov eax, ebx ; pop rdx ; pop rbx ; ret
0x00000000001663f5 : mov qword ptr [rbx + 0x10], rax ; pop rax ; pop rdx ; pop rbx ; ret
0x00000000001663ad : mov qword ptr [rbx + 0x18], rax ; pop rax ; pop rdx ; pop rbx ; ret
0x0000000000166870 : mov qword ptr [rbx], rax ; pop rax ; pop rdx ; pop rbx ; ret
0x0000000000027ab1 : mov r15d, eax ; pop rax ; pop rdx ; jmp 0x27542
0x000000000011c659 : mov rax, rbx ; pop rdx ; pop rbx ; ret
0x00000000000eae57 : pop r11 ; pop rdx ; jne 0xeab42 ; jmp 0xeae0e
0x000000000011c658 : pop rax ; mov rax, rbx ; pop rdx ; pop rbx ; ret
0x0000000000027ab4 : pop rax ; pop rdx ; jmp 0x2753f
0x00000000000e316f : pop rax ; pop rdx ; jmp 0xe3100
0x00000000001663b1 : pop rax ; pop rdx ; pop rbx ; ret
0x00000000000a6acc : pop rbp ; add dword ptr [rax], edi ; pop rdx ; add eax, 0xd2312d75 ; jmp 0xa6af4
0x00000000000a4cdb : pop rbp ; add dword ptr [rax], edi ; pop rdx ; add eax, 0xd2312e75 ; jmp 0xa4d04
0x00000000000eae58 : pop rbx ; pop rdx ; jne 0xeab41 ; jmp 0xeae0d
0x00000000000935a5 : pop rdx ; adc al, byte ptr [rax] ; push rax ; jmp 0x93145
0x000000000017bd6f : pop rdx ; adc byte ptr [rdi], cl ; sub dword ptr [rdx], edx ; lea rdx, [rdx + 0x40] ; jmp 0x17bd19
0x000000000017beaf : pop rdx ; adc byte ptr [rdi], cl ; sub dword ptr [rdx], edx ; lea rdx, [rdx + 0x40] ; jmp 0x17be59
0x000000000017bfef : pop rdx ; adc byte ptr [rdi], cl ; sub dword ptr [rdx], edx ; lea rdx, [rdx + 0x40] ; jmp 0x17bf99
0x000000000017c12f : pop rdx ; adc byte ptr [rdi], cl ; sub dword ptr [rdx], edx ; lea rdx, [rdx + 0x40] ; jmp 0x17c0d9
0x000000000017c26f : pop rdx ; adc byte ptr [rdi], cl ; sub dword ptr [rdx], edx ; lea rdx, [rdx + 0x40] ; jmp 0x17c219
0x000000000017c3af : pop rdx ; adc byte ptr [rdi], cl ; sub dword ptr [rdx], edx ; lea rdx, [rdx + 0x40] ; jmp 0x17c359
0x000000000017c4ff : pop rdx ; adc byte ptr [rdi], cl ; sub dword ptr [rdx], edx ; lea rdx, [rdx + 0x40] ; jmp 0x17c4a9
0x000000000017c64f : pop rdx ; adc byte ptr [rdi], cl ; sub dword ptr [rdx], edx ; lea rdx, [rdx + 0x40] ; jmp 0x17c5f9
0x000000000017c78f : pop rdx ; adc byte ptr [rdi], cl ; sub dword ptr [rdx], edx ; lea rdx, [rdx + 0x40] ; jmp 0x17c739
0x000000000017c8cf : pop rdx ; adc byte ptr [rdi], cl ; sub dword ptr [rdx], edx ; lea rdx, [rdx + 0x40] ; jmp 0x17c879
0x000000000017ca0f : pop rdx ; adc byte ptr [rdi], cl ; sub dword ptr [rdx], edx ; lea rdx, [rdx + 0x40] ; jmp 0x17c9b9
0x000000000017cb4f : pop rdx ; adc byte ptr [rdi], cl ; sub dword ptr [rdx], edx ; lea rdx, [rdx + 0x40] ; jmp 0x17caf9
0x000000000017cc8f : pop rdx ; adc byte ptr [rdi], cl ; sub dword ptr [rdx], edx ; lea rdx, [rdx + 0x40] ; jmp 0x17cc39
0x000000000017cdcf : pop rdx ; adc byte ptr [rdi], cl ; sub dword ptr [rdx], edx ; lea rdx, [rdx + 0x40] ; jmp 0x17cd79
0x000000000017cf0f : pop rdx ; adc byte ptr [rdi], cl ; sub dword ptr [rdx], edx ; lea rdx, [rdx + 0x40] ; jmp 0x17ceb9
0x000000000017d619 : pop rdx ; adc byte ptr [rdi], cl ; sub dword ptr [rdx], edx ; lea rdx, [rdx + 0x40] ; jmp 0x17d5b9
0x000000000017d799 : pop rdx ; adc byte ptr [rdi], cl ; sub dword ptr [rdx], edx ; lea rdx, [rdx + 0x40] ; jmp 0x17d739
0x000000000017d919 : pop rdx ; adc byte ptr [rdi], cl ; sub dword ptr [rdx], edx ; lea rdx, [rdx + 0x40] ; jmp 0x17d8b9
0x000000000017da99 : pop rdx ; adc byte ptr [rdi], cl ; sub dword ptr [rdx], edx ; lea rdx, [rdx + 0x40] ; jmp 0x17da39
0x000000000017dc19 : pop rdx ; adc byte ptr [rdi], cl ; sub dword ptr [rdx], edx ; lea rdx, [rdx + 0x40] ; jmp 0x17dbb9
0x000000000017dd99 : pop rdx ; adc byte ptr [rdi], cl ; sub dword ptr [rdx], edx ; lea rdx, [rdx + 0x40] ; jmp 0x17dd39
0x000000000017df19 : pop rdx ; adc byte ptr [rdi], cl ; sub dword ptr [rdx], edx ; lea rdx, [rdx + 0x40] ; jmp 0x17deb9
0x000000000017e099 : pop rdx ; adc byte ptr [rdi], cl ; sub dword ptr [rdx], edx ; lea rdx, [rdx + 0x40] ; jmp 0x17e039
0x000000000017e219 : pop rdx ; adc byte ptr [rdi], cl ; sub dword ptr [rdx], edx ; lea rdx, [rdx + 0x40] ; jmp 0x17e1b9
0x000000000017e399 : pop rdx ; adc byte ptr [rdi], cl ; sub dword ptr [rdx], edx ; lea rdx, [rdx + 0x40] ; jmp 0x17e339
0x000000000017e519 : pop rdx ; adc byte ptr [rdi], cl ; sub dword ptr [rdx], edx ; lea rdx, [rdx + 0x40] ; jmp 0x17e4b9
0x000000000017e699 : pop rdx ; adc byte ptr [rdi], cl ; sub dword ptr [rdx], edx ; lea rdx, [rdx + 0x40] ; jmp 0x17e639
0x000000000017e819 : pop rdx ; adc byte ptr [rdi], cl ; sub dword ptr [rdx], edx ; lea rdx, [rdx + 0x40] ; jmp 0x17e7b9
0x000000000017e999 : pop rdx ; adc byte ptr [rdi], cl ; sub dword ptr [rdx], edx ; lea rdx, [rdx + 0x40] ; jmp 0x17e939
0x000000000017eb19 : pop rdx ; adc byte ptr [rdi], cl ; sub dword ptr [rdx], edx ; lea rdx, [rdx + 0x40] ; jmp 0x17eab9
0x000000000018009f : pop rdx ; adc byte ptr [rdi], cl ; sub dword ptr [rdx], edx ; lea rdx, [rdx + 0x40] ; jmp 0x180049
0x00000000001801df : pop rdx ; adc byte ptr [rdi], cl ; sub dword ptr [rdx], edx ; lea rdx, [rdx + 0x40] ; jmp 0x180189
0x000000000018031f : pop rdx ; adc byte ptr [rdi], cl ; sub dword ptr [rdx], edx ; lea rdx, [rdx + 0x40] ; jmp 0x1802c9
0x000000000018045f : pop rdx ; adc byte ptr [rdi], cl ; sub dword ptr [rdx], edx ; lea rdx, [rdx + 0x40] ; jmp 0x180409
0x000000000018059f : pop rdx ; adc byte ptr [rdi], cl ; sub dword ptr [rdx], edx ; lea rdx, [rdx + 0x40] ; jmp 0x180549
0x00000000001806df : pop rdx ; adc byte ptr [rdi], cl ; sub dword ptr [rdx], edx ; lea rdx, [rdx + 0x40] ; jmp 0x180689
0x000000000018082f : pop rdx ; adc byte ptr [rdi], cl ; sub dword ptr [rdx], edx ; lea rdx, [rdx + 0x40] ; jmp 0x1807d9
0x000000000018097f : pop rdx ; adc byte ptr [rdi], cl ; sub dword ptr [rdx], edx ; lea rdx, [rdx + 0x40] ; jmp 0x180929
0x0000000000180abf : pop rdx ; adc byte ptr [rdi], cl ; sub dword ptr [rdx], edx ; lea rdx, [rdx + 0x40] ; jmp 0x180a69
0x0000000000180bff : pop rdx ; adc byte ptr [rdi], cl ; sub dword ptr [rdx], edx ; lea rdx, [rdx + 0x40] ; jmp 0x180ba9
0x0000000000180d3f : pop rdx ; adc byte ptr [rdi], cl ; sub dword ptr [rdx], edx ; lea rdx, [rdx + 0x40] ; jmp 0x180ce9
0x0000000000180e7f : pop rdx ; adc byte ptr [rdi], cl ; sub dword ptr [rdx], edx ; lea rdx, [rdx + 0x40] ; jmp 0x180e29
0x0000000000180fbf : pop rdx ; adc byte ptr [rdi], cl ; sub dword ptr [rdx], edx ; lea rdx, [rdx + 0x40] ; jmp 0x180f69
0x00000000001810ff : pop rdx ; adc byte ptr [rdi], cl ; sub dword ptr [rdx], edx ; lea rdx, [rdx + 0x40] ; jmp 0x1810a9
0x000000000018123f : pop rdx ; adc byte ptr [rdi], cl ; sub dword ptr [rdx], edx ; lea rdx, [rdx + 0x40] ; jmp 0x1811e9
0x00000000001819a9 : pop rdx ; adc byte ptr [rdi], cl ; sub dword ptr [rdx], edx ; lea rdx, [rdx + 0x40] ; jmp 0x181949
0x0000000000181b29 : pop rdx ; adc byte ptr [rdi], cl ; sub dword ptr [rdx], edx ; lea rdx, [rdx + 0x40] ; jmp 0x181ac9
0x0000000000181ca9 : pop rdx ; adc byte ptr [rdi], cl ; sub dword ptr [rdx], edx ; lea rdx, [rdx + 0x40] ; jmp 0x181c49
0x0000000000181e29 : pop rdx ; adc byte ptr [rdi], cl ; sub dword ptr [rdx], edx ; lea rdx, [rdx + 0x40] ; jmp 0x181dc9
0x0000000000181fa9 : pop rdx ; adc byte ptr [rdi], cl ; sub dword ptr [rdx], edx ; lea rdx, [rdx + 0x40] ; jmp 0x181f49
0x0000000000182129 : pop rdx ; adc byte ptr [rdi], cl ; sub dword ptr [rdx], edx ; lea rdx, [rdx + 0x40] ; jmp 0x1820c9
0x00000000001822a9 : pop rdx ; adc byte ptr [rdi], cl ; sub dword ptr [rdx], edx ; lea rdx, [rdx + 0x40] ; jmp 0x182249
0x0000000000182429 : pop rdx ; adc byte ptr [rdi], cl ; sub dword ptr [rdx], edx ; lea rdx, [rdx + 0x40] ; jmp 0x1823c9
0x00000000001825a9 : pop rdx ; adc byte ptr [rdi], cl ; sub dword ptr [rdx], edx ; lea rdx, [rdx + 0x40] ; jmp 0x182549
0x0000000000182729 : pop rdx ; adc byte ptr [rdi], cl ; sub dword ptr [rdx], edx ; lea rdx, [rdx + 0x40] ; jmp 0x1826c9
0x00000000001828a9 : pop rdx ; adc byte ptr [rdi], cl ; sub dword ptr [rdx], edx ; lea rdx, [rdx + 0x40] ; jmp 0x182849
0x0000000000182a29 : pop rdx ; adc byte ptr [rdi], cl ; sub dword ptr [rdx], edx ; lea rdx, [rdx + 0x40] ; jmp 0x1829c9
0x0000000000182ba9 : pop rdx ; adc byte ptr [rdi], cl ; sub dword ptr [rdx], edx ; lea rdx, [rdx + 0x40] ; jmp 0x182b49
0x0000000000182d29 : pop rdx ; adc byte ptr [rdi], cl ; sub dword ptr [rdx], edx ; lea rdx, [rdx + 0x40] ; jmp 0x182cc9
0x0000000000182ea9 : pop rdx ; adc byte ptr [rdi], cl ; sub dword ptr [rdx], edx ; lea rdx, [rdx + 0x40] ; jmp 0x182e49
0x000000000018442f : pop rdx ; adc byte ptr [rdi], cl ; sub dword ptr [rdx], edx ; lea rdx, [rdx + 0x40] ; jmp 0x1843d9
0x000000000018456f : pop rdx ; adc byte ptr [rdi], cl ; sub dword ptr [rdx], edx ; lea rdx, [rdx + 0x40] ; jmp 0x184519
0x00000000001846af : pop rdx ; adc byte ptr [rdi], cl ; sub dword ptr [rdx], edx ; lea rdx, [rdx + 0x40] ; jmp 0x184659
0x00000000000b21bf : pop rdx ; adc byte ptr [rdi], cl ; sub dword ptr [rdx], edx ; lea rdx, [rdx + 0x40] ; jmp 0xb2169
0x00000000000b22ff : pop rdx ; adc byte ptr [rdi], cl ; sub dword ptr [rdx], edx ; lea rdx, [rdx + 0x40] ; jmp 0xb22a9
0x00000000000b243f : pop rdx ; adc byte ptr [rdi], cl ; sub dword ptr [rdx], edx ; lea rdx, [rdx + 0x40] ; jmp 0xb23e9
0x00000000000b257f : pop rdx ; adc byte ptr [rdi], cl ; sub dword ptr [rdx], edx ; lea rdx, [rdx + 0x40] ; jmp 0xb2529
0x00000000000b26bf : pop rdx ; adc byte ptr [rdi], cl ; sub dword ptr [rdx], edx ; lea rdx, [rdx + 0x40] ; jmp 0xb2669
0x00000000000b27ff : pop rdx ; adc byte ptr [rdi], cl ; sub dword ptr [rdx], edx ; lea rdx, [rdx + 0x40] ; jmp 0xb27a9
0x00000000000b294f : pop rdx ; adc byte ptr [rdi], cl ; sub dword ptr [rdx], edx ; lea rdx, [rdx + 0x40] ; jmp 0xb28f9
0x00000000000b2a9f : pop rdx ; adc byte ptr [rdi], cl ; sub dword ptr [rdx], edx ; lea rdx, [rdx + 0x40] ; jmp 0xb2a49
0x00000000000b2bdf : pop rdx ; adc byte ptr [rdi], cl ; sub dword ptr [rdx], edx ; lea rdx, [rdx + 0x40] ; jmp 0xb2b89
0x00000000000b2d1f : pop rdx ; adc byte ptr [rdi], cl ; sub dword ptr [rdx], edx ; lea rdx, [rdx + 0x40] ; jmp 0xb2cc9
0x00000000000b2e5f : pop rdx ; adc byte ptr [rdi], cl ; sub dword ptr [rdx], edx ; lea rdx, [rdx + 0x40] ; jmp 0xb2e09
0x00000000000b2f9f : pop rdx ; adc byte ptr [rdi], cl ; sub dword ptr [rdx], edx ; lea rdx, [rdx + 0x40] ; jmp 0xb2f49
0x00000000000b30df : pop rdx ; adc byte ptr [rdi], cl ; sub dword ptr [rdx], edx ; lea rdx, [rdx + 0x40] ; jmp 0xb3089
0x00000000000b321f : pop rdx ; adc byte ptr [rdi], cl ; sub dword ptr [rdx], edx ; lea rdx, [rdx + 0x40] ; jmp 0xb31c9
0x00000000000b335f : pop rdx ; adc byte ptr [rdi], cl ; sub dword ptr [rdx], edx ; lea rdx, [rdx + 0x40] ; jmp 0xb3309
0x00000000000b3ec9 : pop rdx ; adc byte ptr [rdi], cl ; sub dword ptr [rdx], edx ; lea rdx, [rdx + 0x40] ; jmp 0xb3e69
0x00000000000b4049 : pop rdx ; adc byte ptr [rdi], cl ; sub dword ptr [rdx], edx ; lea rdx, [rdx + 0x40] ; jmp 0xb3fe9
0x00000000000b41c9 : pop rdx ; adc byte ptr [rdi], cl ; sub dword ptr [rdx], edx ; lea rdx, [rdx + 0x40] ; jmp 0xb4169
0x00000000000b4349 : pop rdx ; adc byte ptr [rdi], cl ; sub dword ptr [rdx], edx ; lea rdx, [rdx + 0x40] ; jmp 0xb42e9
0x00000000000b44c9 : pop rdx ; adc byte ptr [rdi], cl ; sub dword ptr [rdx], edx ; lea rdx, [rdx + 0x40] ; jmp 0xb4469
0x00000000000b4649 : pop rdx ; adc byte ptr [rdi], cl ; sub dword ptr [rdx], edx ; lea rdx, [rdx + 0x40] ; jmp 0xb45e9
0x00000000000b47c9 : pop rdx ; adc byte ptr [rdi], cl ; sub dword ptr [rdx], edx ; lea rdx, [rdx + 0x40] ; jmp 0xb4769
0x00000000000b4949 : pop rdx ; adc byte ptr [rdi], cl ; sub dword ptr [rdx], edx ; lea rdx, [rdx + 0x40] ; jmp 0xb48e9
0x00000000000b4ac9 : pop rdx ; adc byte ptr [rdi], cl ; sub dword ptr [rdx], edx ; lea rdx, [rdx + 0x40] ; jmp 0xb4a69
0x00000000000b4c49 : pop rdx ; adc byte ptr [rdi], cl ; sub dword ptr [rdx], edx ; lea rdx, [rdx + 0x40] ; jmp 0xb4be9
0x00000000000b4dc9 : pop rdx ; adc byte ptr [rdi], cl ; sub dword ptr [rdx], edx ; lea rdx, [rdx + 0x40] ; jmp 0xb4d69
0x00000000000b4f49 : pop rdx ; adc byte ptr [rdi], cl ; sub dword ptr [rdx], edx ; lea rdx, [rdx + 0x40] ; jmp 0xb4ee9
0x00000000000b50c9 : pop rdx ; adc byte ptr [rdi], cl ; sub dword ptr [rdx], edx ; lea rdx, [rdx + 0x40] ; jmp 0xb5069
0x00000000000b5249 : pop rdx ; adc byte ptr [rdi], cl ; sub dword ptr [rdx], edx ; lea rdx, [rdx + 0x40] ; jmp 0xb51e9
0x00000000000b53c9 : pop rdx ; adc byte ptr [rdi], cl ; sub dword ptr [rdx], edx ; lea rdx, [rdx + 0x40] ; jmp 0xb5369
0x0000000000108624 : pop rdx ; add byte ptr cs:[rbp + 0xb], dh ; jmp 0x108653
0x0000000000108554 : pop rdx ; add byte ptr cs:[rdx], al ; jmp 0x107d94
0x00000000000cab21 : pop rdx ; add cl, byte ptr [rbp + 0x29] ; ret 0x8b47
0x00000000000a4b6f : pop rdx ; add dword ptr [rax + rdi - 0x1d], eax ; jne 0xa4bbb ; xor ecx, ecx ; jmp 0xa4b99
0x000000000007d952 : pop rdx ; add dword ptr [rax], eax ; add byte ptr [rcx + rcx*4 - 0x40], al ; jmp 0x7d8c9
0x00000000000a4b0a : pop rdx ; add dword ptr [rax], edi ; pop rcx ; add eax, 0xc9312775 ; jmp 0xa4b2b
0x00000000000a548a : pop rdx ; add dword ptr [rax], edi ; pop rcx ; add eax, 0xc9312775 ; jmp 0xa54ab
0x00000000000a54ef : pop rdx ; add dword ptr [rcx + 0x38], eax ; fdiv qword ptr [rbp + 0x3c] ; xor ecx, ecx ; jmp 0xa5519
0x00000000000a5303 : pop rdx ; add eax, 0x75015938 ; xor edx, edx ; jmp 0xa5324
0x0000000000185f76 : pop rdx ; add eax, 0x83480000 ; ret 0x4910
0x00000000000a2170 : pop rdx ; add eax, 0xd2312c75 ; jmp 0xa2192
0x00000000000a6acf : pop rdx ; add eax, 0xd2312d75 ; jmp 0xa6af1
0x00000000000a4cde : pop rdx ; add eax, 0xd2312e75 ; jmp 0xa4d01
0x00000000000b1ca5 : pop rdx ; add eax, 7 ; jmp 0xb1da4
0x00000000000b38c5 : pop rdx ; add eax, 7 ; jmp 0xb39c4
0x000000000004ee41 : pop rdx ; add rsp, 0x38 ; pop rbx ; pop rbp ; ret
0x000000000005b8ba : pop rdx ; and dword ptr [rax], eax ; add byte ptr [rax - 0x77], cl ; retf -0x76b8
0x00000000001b065d : pop rdx ; call rax
0x00000000000d5bff : pop rdx ; cmc ; xor edx, edx ; jmp 0xd57d9
0x00000000000eca9d : pop rdx ; cmp bl, 0x2e ; jne 0xeca76 ; jmp 0xecab1
0x00000000001d7515 : pop rdx ; hlt ; call qword ptr [rdx]
0x00000000000db72f : pop rdx ; hlt ; dec dword ptr [rbx + rcx*4 + 0x44] ; and al, 0x28 ; jmp 0xda3c8
0x00000000000db72e : pop rdx ; hlt ; dec dword ptr [rbx + rcx*4 + 0x44] ; and al, 0x28 ; jmp 0xda3c9
0x00000000000db7a3 : pop rdx ; hlt ; inc dword ptr [rbx + rcx*4 + 0x5c] ; and al, 0x40 ; jmp 0xda217
0x00000000000db7a2 : pop rdx ; hlt ; inc dword ptr [rbx + rcx*4 + 0x5c] ; and al, 0x40 ; jmp 0xda218
0x0000000000003be2 : pop rdx ; int1 ; imul esi ; in eax, 0x78 ; mov dl, 0x1e ; ret
0x0000000000156302 : pop rdx ; ja 0x15630d ; inc dword ptr [rcx - 0x75] ; and al, 0x30 ; jmp 0x1561b0
0x00000000001ac3e1 : pop rdx ; je 0x1ac3ab ; ret 0xacfc
0x0000000000137862 : pop rdx ; jmp 0x137866
0x0000000000027ab5 : pop rdx ; jmp 0x2753e
0x000000000002ab54 : pop rdx ; jmp 0x2a91c
0x00000000000e3170 : pop rdx ; jmp 0xe30ff
0x0000000000003279 : pop rdx ; jmp 0xffffffff88c2d423
0x00000000000cfa4b : pop rdx ; jmp 0xffffffff8959fa51
0x00000000000eae59 : pop rdx ; jne 0xeab40 ; jmp 0xeae0c
0x00000000000643a2 : pop rdx ; jnp 0x643c1 ; add byte ptr [rsi + 0xf], ah ; outsd dx, dword ptr [rsi] ; ret
0x0000000000021192 : pop rdx ; lahf ; cmp al, 0 ; push 0x17 ; jmp 0x20fd9
0x00000000001ac4f3 : pop rdx ; leave ; retf
0x00000000000fa0a4 : pop rdx ; loope 0xfa0ad ; dec dword ptr [rbp - 0x77] ; std ; jmp 0xf8209
0x0000000000066e72 : pop rdx ; mov ah, 1 ; add byte ptr [rax + 0x39], cl ; ret
0x00000000000a1895 : pop rdx ; mov r14, rdi ; jmp 0xa18ac
0x00000000000cf1f8 : pop rdx ; mov r15d, r10d ; jmp 0xcf084
0x00000000000405fd : pop rdx ; mov rax, qword ptr [rsp + 0x1a0] ; jmp 0x4055a
0x000000000010d055 : pop rdx ; mov rdi, qword ptr [rsp + 0x58] ; jmp 0x10cd9f
0x00000000000f6741 : pop rdx ; or bh, dh ; ret
0x00000000000e08bd : pop rdx ; or byte ptr [rax], al ; mov rax, r14 ; call rax
0x000000000004bba2 : pop rdx ; or byte ptr [rdi], dl ; add dl, dh ; mulps xmm0, xmm0 ; jmp 0x49b6b
0x00000000000d6d76 : pop rdx ; or byte ptr [rsp + 0x58], 0x20 ; jmp 0xd6856
0x00000000000d82f8 : pop rdx ; or byte ptr [rsp + 0x58], 0x20 ; mov rbx, r13 ; jmp 0xd6859
0x00000000000d6e6a : pop rdx ; or byte ptr [rsp + 0x58], 0x40 ; jmp 0xd6856
0x00000000000d809a : pop rdx ; or byte ptr [rsp + 0x58], 0x40 ; mov rbx, r13 ; jmp 0xd6859
0x000000000009ecde : pop rdx ; or eax, 0x450f4800 ; ret 0xc3f3
0x00000000001ad3a7 : pop rdx ; out 0xf5, eax ; mov ch, 0xab ; ret
0x0000000000003641 : pop rdx ; out dx, eax ; nop ; retf -0x1612
0x00000000001306b4 : pop rdx ; pop r10 ; ret
0x00000000000eaef2 : pop rdx ; pop r11 ; je 0xea52d ; jmp 0xeafab
0x000000000011c65c : pop rdx ; pop rbx ; ret
0x00000000000eaf3e : pop rdx ; pop rcx ; je 0xea44e ; jmp 0xeafaa
0x000000000014cbcf : pop rdx ; pop rcx ; jmp 0x14cbe1
0x00000000000ea02a : pop rdx ; pop rcx ; jne 0xe9ebc ; jmp 0xe9a1d
0x00000000000ebfcd : pop rdx ; pop rcx ; jne 0xebe5c ; jmp 0xeb9bd
0x0000000000103cc9 : pop rdx ; pop rcx ; pop rbx ; ret
0x00000000001306d9 : pop rdx ; pop rsi ; ret
0x0000000000139ac2 : pop rdx ; pop rsp ; sub eax, dword ptr [rax] ; jmp 0x139a57
0x000000000005f39a : pop rdx ; push rax ; mov qword ptr [rbp - 0xf8], rbx ; jmp 0x5ef1c
0x0000000000001b96 : pop rdx ; ret
0x0000000000100972 : pop rdx ; ret 0xffff
0x00000000001ac3c3 : pop rdx ; retf
0x00000000001acbeb : pop rdx ; sahf ; pushfq ; jmp 0x1acc0b
0x000000000009a302 : pop rdx ; sar edi, -1 ; jmp 0x9a081
0x00000000001bd6f5 : pop rdx ; sti ; jmp qword ptr [rax + 0x20fffb5b]
0x00000000001bd735 : pop rdx ; sti ; jmp qword ptr [rax]
0x00000000001acf10 : pop rdx ; sub ah, ah ; mov bh, 6 ; movsd dword ptr [rdi], dword ptr [rsi] ; int1 ; ret 0x5803
0x00000000000d08d5 : pop rdx ; test al, 0xf0 ; jne 0xd0909 ; lea rax, [rdi - 0x10] ; ret
0x00000000001318f2 : pop rdx ; wait ; clc ; dec dword ptr [rax + 0xf] ; ret 0xfc3
0x000000000007b873 : pop rdx ; xchg dword ptr [rbx], edx ; add byte ptr [rdx + 4], bh ; jmp 0x7b72d
0x00000000000d5434 : pop rdx ; xor dword ptr [rax], eax ; mov qword ptr [rdx], rax ; jmp 0xd4a7a
0x0000000000045c4f : pop rdx ; xor edx, edx ; jmp 0x45c65
0x00000000001d7514 : pop rsp ; pop rdx ; hlt ; call qword ptr [rdx]
0x00000000001ac3dc : push rbx ; xchg eax, edx ; jae 0x1ac3bb ; push rsi ; pop rdx ; je 0x1ac3b0 ; ret 0xacfc
0x00000000001ac3e0 : push rsi ; pop rdx ; je 0x1ac3ac ; ret 0xacfc
0x00000000000cfa48 : ror byte ptr [rdi], 0x84 ; pop rdx ; jmp 0xffffffff8959fa54
0x00000000000cfa45 : sbb byte ptr [rax - 0x7b], cl ; ror byte ptr [rdi], 0x84 ; pop rdx ; jmp 0xffffffff8959fa57
0x000000000009ecdd : scasd eax, dword ptr [rdi] ; pop rdx ; or eax, 0x450f4800 ; ret 0xc3f3
0x0000000000001ba0 : shl byte ptr [rax + 0x38f8d191], 1 ; pop rdx ; ret
0x0000000000137860 : sub al, ch ; pop rdx ; jmp 0x137868
0x00000000000f673b : test dword ptr [rbp - 0x74fffffc], eax ; pop rdx ; or bh, dh ; ret
0x00000000001306b0 : test eax, eax ; jne 0x1306ab ; pop rdx ; pop r10 ; ret
0x00000000001306ae : xchg dword ptr [rdi], eax ; test eax, eax ; jne 0x1306ad ; pop rdx ; pop r10 ; ret
0x00000000001ac3dd : xchg eax, edx ; jae 0x1ac3ba ; push rsi ; pop rdx ; je 0x1ac3af ; ret 0xacfc
0x0000000000027ab0 : xlatb ; mov r15d, eax ; pop rax ; pop rdx ; jmp 0x27543

Unique gadgets found: 232
