Gadgets information
============================================================
0x00000000000b0fd4 : adc byte ptr [rsi + 0xf], ah ; outsd dx, dword ptr [rsi] ; pop rdi ; and byte ptr [rsi + 0xf], ah ; out dx, eax ; jmp 0x677a1f51
0x00000000000b11f4 : adc byte ptr [rsi + 0xf], ah ; outsd dx, dword ptr [rsi] ; pop rdi ; and byte ptr [rsi + 0xf], ah ; out dx, eax ; jmp 0x677a2171
0x0000000000121885 : adc esi, dword ptr [rcx + rax - 0x3d] ; xor ebp, ebp ; pop rax ; pop rdi ; call rax
0x00000000001c8d23 : add ah, bl ; push rbp ; add byte ptr [rax], al ; clc ; pop rdi ; jmp 0x1c8d32
0x00000000001c9727 : add al, ah ; pop rdi ; add byte ptr [rax], al ; adc al, 0x85 ; jmp 0x1c9736
0x00000000001c8d27 : add al, bh ; pop rdi ; jmp 0x1c8d2e
0x00000000001d970f : add al, cl ; pop rdi ; add dword ptr [rax], eax ; cmp al, 0xf3 ; hlt ; call rsi
0x00000000001c8d21 : add byte ptr [rax], al ; add ah, bl ; push rbp ; add byte ptr [rax], al ; clc ; pop rdi ; jmp 0x1c8d34
0x00000000001c9725 : add byte ptr [rax], al ; add al, ah ; pop rdi ; add byte ptr [rax], al ; adc al, 0x85 ; jmp 0x1c9738
0x00000000001c8d26 : add byte ptr [rax], al ; clc ; pop rdi ; jmp 0x1c8d2f
0x00000000001c8d22 : add byte ptr [rax], al ; fcom qword ptr [rbp] ; add al, bh ; pop rdi ; jmp 0x1c8d33
0x00000000000e4d9d : add byte ptr [rsi - 0x70], ah ; pop rdi ; mov eax, 0x3a ; syscall
0x00000000001c087e : add dword ptr [rax], eax ; pop rdi ; hlt ; call rsp
0x0000000000121887 : add ebx, eax ; xor ebp, ebp ; pop rax ; pop rdi ; call rax
0x00000000001c087d : add word ptr [rax], ax ; pop rdi ; hlt ; call rsp
0x0000000000169c3c : and al, 4 ; pop rdi ; call 0x21056
0x0000000000169c3b : and al, 4 ; pop rdi ; call 0x21057
0x00000000001ab573 : and al, al ; pop rdi ; jnp 0x1ab5d3 ; jmp 0x1ab533
0x00000000001c8d28 : clc ; pop rdi ; jmp 0x1c8d2d
0x00000000000eda5d : cmp bl, dh ; lcall [rsi - 0x75] ; xchg eax, r8d ; pop rdi ; jmp 0xed81b
0x00000000001ab571 : fcmovnbe st(0), st(2) ; and al, al ; pop rdi ; jnp 0x1ab5d5 ; jmp 0x1ab535
0x00000000001c8d24 : fcom qword ptr [rbp] ; add al, bh ; pop rdi ; jmp 0x1c8d31
0x000000000012188a : in eax, dx ; pop rax ; pop rdi ; call rax
0x0000000000169c39 : jae 0x169c0a ; and al, 4 ; pop rdi ; call 0x21059
0x00000000000eda5f : lcall [rsi - 0x75] ; xchg eax, r8d ; pop rdi ; jmp 0xed819
0x00000000000eda5e : lcall [rsi - 0x75] ; xchg eax, r8d ; pop rdi ; jmp 0xed81a
0x00000000001c087c : lodsb al, byte ptr [rsi] ; add word ptr [rax], ax ; pop rdi ; hlt ; call rsp
0x0000000000042e03 : mov cl, 0x35 ; pop rdi ; lahf ; cmp al, byte ptr [rax] ; jne 0x42e1e ; jmp 0x42e38
0x00000000001289a4 : mov cl, 0x35 ; pop rdi ; sub al, 0 ; jne 0x1289bf ; jmp 0x1289d9
0x00000000000eda61 : mov eax, dword ptr [rbp - 0x70] ; pop rdi ; jmp 0xed817
0x00000000000268b3 : mov ebx, eax ; pop rdi ; jmp 0x267b8
0x00000000000268b2 : mov r11d, eax ; pop rdi ; jmp 0x267b9
0x0000000000128948 : movsb byte ptr [rdi], byte ptr [rsi] ; pop rdi ; sub al, 0 ; jne 0x12895e ; jmp 0x128978
0x00000000000eda63 : nop ; pop rdi ; jmp 0xed815
0x00000000000e4d9f : nop ; pop rdi ; mov eax, 0x3a ; syscall
0x000000000003461e : outsb dx, byte ptr [rsi] ; pop rdi ; add eax, 0xc0854800 ; jne 0x34609 ; jmp 0x345be
0x00000000000b0fd7 : outsd dx, dword ptr [rsi] ; pop rdi ; and byte ptr [rsi + 0xf], ah ; out dx, eax ; jmp 0x677a1f4e
0x00000000000b11f7 : outsd dx, dword ptr [rsi] ; pop rdi ; and byte ptr [rsi + 0xf], ah ; out dx, eax ; jmp 0x677a216e
0x000000000012188b : pop rax ; pop rdi ; call rax
0x000000000016cd98 : pop rdi ; adc byte ptr [rdx + 8], dh ; movaps xmmword ptr [rdi], xmm4 ; jmp r9
0x000000000019045f : pop rdi ; adc byte ptr [rsi + 0xf], ah ; out dx, eax ; pop rsi ; adc byte ptr [rsi + 0xf], ah ; jmp 0x19043e
0x00000000001904dd : pop rdi ; adc byte ptr [rsi + 0xf], ah ; out dx, eax ; pop rsi ; adc byte ptr [rsi + 0xf], ah ; jmp 0x1904bc
0x000000000019096f : pop rdi ; adc byte ptr [rsi + 0xf], ah ; out dx, eax ; pop rsi ; adc byte ptr [rsi + 0xf], ah ; jmp 0x19094e
0x00000000001909ed : pop rdi ; adc byte ptr [rsi + 0xf], ah ; out dx, eax ; pop rsi ; adc byte ptr [rsi + 0xf], ah ; jmp 0x1909cc
0x0000000000191a8f : pop rdi ; adc byte ptr [rsi + 0xf], ah ; out dx, eax ; pop rsi ; adc byte ptr [rsi + 0xf], ah ; jmp 0x191a6e
0x0000000000191b0d : pop rdi ; adc byte ptr [rsi + 0xf], ah ; out dx, eax ; pop rsi ; adc byte ptr [rsi + 0xf], ah ; jmp 0x191aec
0x0000000000191f9f : pop rdi ; adc byte ptr [rsi + 0xf], ah ; out dx, eax ; pop rsi ; adc byte ptr [rsi + 0xf], ah ; jmp 0x191f7e
0x000000000019201d : pop rdi ; adc byte ptr [rsi + 0xf], ah ; out dx, eax ; pop rsi ; adc byte ptr [rsi + 0xf], ah ; jmp 0x191ffc
0x00000000000f6805 : pop rdi ; add al, byte ptr [rax] ; add byte ptr [rcx + 0x72d139c2], cl ; jmp 0xffffffff8f33a160
0x00000000001c9729 : pop rdi ; add byte ptr [rax], al ; adc al, 0x85 ; jmp 0x1c9734
0x000000000010fb9a : pop rdi ; add byte ptr [rax], al ; add byte ptr [rax - 1], bh ; ret
0x0000000000084232 : pop rdi ; add byte ptr [rax], al ; jmp 0x84078
0x00000000000a6813 : pop rdi ; add dword ptr [rax + rdi - 0x25], eax ; jne 0xa6857 ; xor esi, esi ; jmp 0xa6839
0x00000000001d9711 : pop rdi ; add dword ptr [rax], eax ; cmp al, 0xf3 ; hlt ; call rsi
0x000000000003461f : pop rdi ; add eax, 0xc0854800 ; jne 0x34608 ; jmp 0x345bd
0x000000000018c20d : pop rdi ; add eax, dword ptr [rax] ; add byte ptr [rax - 0x7d], cl ; ret 0x4910
0x00000000000b0fd8 : pop rdi ; and byte ptr [rsi + 0xf], ah ; out dx, eax ; jmp 0x677a1f4d
0x00000000000b11f8 : pop rdi ; and byte ptr [rsi + 0xf], ah ; out dx, eax ; jmp 0x677a216d
0x000000000018a8b2 : pop rdi ; and ch, al ; std ; xlatb ; ret
0x0000000000169c3e : pop rdi ; call 0x21054
0x0000000000169c4d : pop rdi ; call 0x21174
0x000000000012188c : pop rdi ; call rax
0x00000000001c0881 : pop rdi ; hlt ; call rsp
0x000000000016e7b9 : pop rdi ; in al, dx ; mov qword ptr [rdi - 0xc], rcx ; mov dword ptr [rdi - 4], edx ; ret
0x000000000016e5c9 : pop rdi ; in eax, dx ; mov qword ptr [rdi - 0xb], rcx ; mov dword ptr [rdi - 4], edx ; ret
0x00000000001ac7fe : pop rdi ; insd dword ptr [rdi], dx ; test eax, 0x7d4c8c5d ; ret 0xd8f
0x0000000000115640 : pop rdi ; jmp 0x115231
0x0000000000116920 : pop rdi ; jmp 0x116741
0x0000000000116a30 : pop rdi ; jmp 0x1167f1
0x000000000016e98a : pop rdi ; jmp 0x16e9d6
0x000000000016e9d2 : pop rdi ; jmp 0x16ea1e
0x000000000016ea10 : pop rdi ; jmp 0x16ea5c
0x000000000016ea4c : pop rdi ; jmp 0x16ea98
0x000000000016ea86 : pop rdi ; jmp 0x16ead2
0x000000000016eabe : pop rdi ; jmp 0x16eb0a
0x000000000016eae6 : pop rdi ; jmp 0x16eb32
0x000000000016eb0e : pop rdi ; jmp 0x16eb5a
0x000000000017135a : pop rdi ; jmp 0x1713a6
0x00000000001713a2 : pop rdi ; jmp 0x1713ee
0x00000000001713e0 : pop rdi ; jmp 0x17142c
0x000000000017141c : pop rdi ; jmp 0x171468
0x0000000000171456 : pop rdi ; jmp 0x1714a2
0x000000000017148e : pop rdi ; jmp 0x1714da
0x00000000001714b6 : pop rdi ; jmp 0x171502
0x00000000001714de : pop rdi ; jmp 0x17152a
0x000000000019a28f : pop rdi ; jmp 0x19a2a1
0x00000000001c8d15 : pop rdi ; jmp 0x1c8d18
0x00000000001c8d29 : pop rdi ; jmp 0x1c8d2c
0x0000000000041f16 : pop rdi ; jmp 0x21161
0x00000000000a2892 : pop rdi ; jmp 0x21201
0x000000000012c206 : pop rdi ; jmp 0x21291
0x0000000000023f34 : pop rdi ; jmp 0x212c9
0x00000000000268b5 : pop rdi ; jmp 0x267b6
0x0000000000096082 : pop rdi ; jmp 0x952e1
0x0000000000098a98 : pop rdi ; jmp 0x97071
0x000000000009e65d : pop rdi ; jmp 0x9e071
0x00000000000a069d : pop rdi ; jmp 0x9fff1
0x00000000000a0d00 : pop rdi ; jmp 0xa0891
0x00000000000c8996 : pop rdi ; jmp 0xbc121
0x00000000000e0b6f : pop rdi ; jmp 0xe0a61
0x00000000000eda64 : pop rdi ; jmp 0xed814
0x000000000016ed8a : pop rdi ; jmp 0xfffffffff16676d9
0x000000000016edd2 : pop rdi ; jmp 0xfffffffff1667721
0x000000000016ee10 : pop rdi ; jmp 0xfffffffff166775f
0x000000000016ee48 : pop rdi ; jmp 0xfffffffff1667797
0x000000000016ee86 : pop rdi ; jmp 0xfffffffff16677d5
0x000000000016eebe : pop rdi ; jmp 0xfffffffff166780d
0x000000000016eee6 : pop rdi ; jmp 0xfffffffff1667835
0x000000000016ef0e : pop rdi ; jmp 0xfffffffff166785d
0x000000000017175a : pop rdi ; jmp 0xfffffffff166a0a9
0x00000000001717a2 : pop rdi ; jmp 0xfffffffff166a0f1
0x00000000001717e0 : pop rdi ; jmp 0xfffffffff166a12f
0x0000000000171818 : pop rdi ; jmp 0xfffffffff166a167
0x0000000000171856 : pop rdi ; jmp 0xfffffffff166a1a5
0x000000000017188e : pop rdi ; jmp 0xfffffffff166a1dd
0x00000000001718b6 : pop rdi ; jmp 0xfffffffff166a205
0x00000000001718de : pop rdi ; jmp 0xfffffffff166a22d
0x00000000000989ea : pop rdi ; jmp rax
0x000000000003d658 : pop rdi ; jne 0x3d622 ; lea rbx, [rdx + 2] ; jmp 0x3d691
0x00000000001ab575 : pop rdi ; jnp 0x1ab5d1 ; jmp 0x1ab531
0x0000000000042e05 : pop rdi ; lahf ; cmp al, byte ptr [rax] ; jne 0x42e1c ; jmp 0x42e36
0x00000000000ef079 : pop rdi ; lea rbp, [rsp + 0x50] ; jmp 0xeebac
0x00000000001ab7c1 : pop rdi ; mov dh, 0x4e ; ret 0x474c
0x00000000000e4da0 : pop rdi ; mov eax, 0x3a ; syscall
0x000000000002587f : pop rdi ; mov ebp, eax ; pop r8 ; jmp 0x256d0
0x0000000000001d46 : pop rdi ; mov ebx, 0xaf0c3fcc ; fld dword ptr [rcx + rdx*4] ; jmp 0x1d8a
0x00000000000299de : pop rdi ; mov r10d, eax ; pop r8 ; jmp 0x2969e
0x0000000000153580 : pop rdi ; mov r12, rdi ; mov rbp, rsi ; mov ebx, edx ; jmp 0x1535a4
0x0000000000156340 : pop rdi ; mov r12, rdi ; mov rbp, rsi ; mov ebx, edx ; jmp 0x156364
0x000000000002529c : pop rdi ; mov r12d, eax ; pop r8 ; jmp 0x251e9
0x0000000000028fa7 : pop rdi ; mov r15d, 6 ; jmp 0x2857a
0x000000000008fd1d : pop rdi ; mov rbp, qword ptr [rbx + 8] ; jmp 0x8fd34
0x000000000011dec2 : pop rdi ; mov rdi, qword ptr [r13] ; call r12
0x000000000014f7af : pop rdi ; mov rdi, r8 ; jmp 0x212cc
0x000000000002cfb4 : pop rdi ; mov rdi, rax ; jmp 0x21164
0x000000000011d3e9 : pop rdi ; or byte ptr [rcx - 0x77], cl ; retf
0x000000000011d3b5 : pop rdi ; or byte ptr [rcx - 0xa], al ; ret
0x000000000019949e : pop rdi ; or edi, 1 ; mov eax, 1 ; jmp 0x199439
0x000000000016e3e9 : pop rdi ; out dx, al ; mov qword ptr [rdi - 0xa], rcx ; mov dword ptr [rdi - 4], edx ; ret
0x000000000016e219 : pop rdi ; out dx, eax ; mov qword ptr [rdi - 9], r8 ; mov dword ptr [rdi - 4], edx ; ret
0x000000000016e315 : pop rdi ; out dx, eax ; mov qword ptr [rdi - 9], rcx ; mov byte ptr [rdi - 1], dl ; ret
0x000000000016e261 : pop rdi ; out dx, eax ; mov qword ptr [rdi - 9], rcx ; mov dword ptr [rdi - 4], edx ; ret
0x00000000000221a3 : pop rdi ; pop rbp ; ret
0x000000000007e865 : pop rdi ; pushfq ; add byte ptr ss:[rax + 0x29], cl ; ror byte ptr [rax - 0x77], 1 ; jmp 0x48d911c4
0x000000000002155f : pop rdi ; ret
0x000000000005b4fd : pop rdi ; ret 0x38
0x00000000001bbed0 : pop rdi ; retf
0x0000000000001c36 : pop rdi ; retf 0x49f2
0x000000000016724d : pop rdi ; sahf ; jmp 0x167252
0x0000000000128949 : pop rdi ; sub al, 0 ; jne 0x12895d ; jmp 0x128977
0x00000000001289a7 : pop rdi ; sub al, 0 ; jne 0x1289bc ; jmp 0x1289d6
0x00000000001289a6 : pop rdi ; sub al, 0 ; jne 0x1289bd ; jmp 0x1289d7
0x0000000000165453 : pop rdi ; sub byte ptr [rax], al ; jmp 0x165440
0x0000000000139785 : pop rdi ; sub eax, dword ptr [rax] ; jmp 0x139690
0x000000000013976b : pop rdi ; sub eax, dword ptr [rax] ; jmp 0x1396f6
0x00000000000ef6ad : pop rdi ; xor al, 0x41 ; add esi, ecx ; add r12d, r8d ; jmp 0xeeb36
0x00000000000ef6ac : pop rdi ; xor al, 0x41 ; add esi, ecx ; add r12d, r8d ; jmp 0xeeb37
0x00000000000e4fa4 : pop rdi ; xor byte ptr [rax], al ; mov rdx, qword ptr [rax] ; jmp 0xe4e36
0x00000000000eda60 : pop rsi ; mov eax, dword ptr [rbp - 0x70] ; pop rdi ; jmp 0xed818
0x00000000000268b1 : pop rsi ; mov r11d, eax ; pop rdi ; jmp 0x267ba
0x00000000000e0b6e : pop rsi ; pop rdi ; jmp 0xe0a62
0x00000000000eda5c : push 0x5efff338 ; mov eax, dword ptr [rbp - 0x70] ; pop rdi ; jmp 0xed81c
0x00000000001c8d25 : push rbp ; add byte ptr [rax], al ; clc ; pop rdi ; jmp 0x1c8d30
0x0000000000169c4a : test dh, 0 ; pop rdi ; call 0x21177
0x00000000000eda62 : xchg eax, r8d ; pop rdi ; jmp 0xed816
0x000000000002529b : xlatb ; pop rdi ; mov r12d, eax ; pop r8 ; jmp 0x251ea
0x0000000000121889 : xor ebp, ebp ; pop rax ; pop rdi ; call rax

Unique gadgets found: 167
