Finding dispatchers
Gadgets information
============================================================
0x0000000006256d0f : adc byte ptr [rax + 0x63], cl ; pop rax ; sub al, 0x48 ; mov eax, dword ptr [rdi] ; call qword ptr [rax]
0x0000000003eaa85c : adc ecx, dword ptr [rax + 0x31] ; in eax, dx ; pop rax ; pop rdi ; call rax
0x00000000026e57a0 : add byte ptr [rax], al ; pop rcx ; add rsp, rbx ; jmp rcx
0x000000000165d95a : add byte ptr [rcx + 0xf], al ; pop rax ; leave ; lodsq rax, qword ptr [rsi] ; jmp rax
0x0000000001752ee5 : cld ; pop rax ; leave ; lodsq rax, qword ptr [rsi] ; vmovaps ymm0, ymm8 ; jmp rax
0x0000000004b2071e : div dword ptr [rcx] ; imul al ; pop rdx ; jmp rdx
0x000000000165dde1 : fadd dword ptr [rcx + 0xf] ; pop rax ; fimul dword ptr [rax - 0x53] ; jmp rax
0x000000000165c343 : fild word ptr [rcx + 0xf] ; pop rax ; fmul dword ptr [rax - 0x53] ; jmp rax
0x000000000165c049 : fimul dword ptr [rdi] ; pop rax ; fisttp word ptr [rax - 0x53] ; jmp rax
0x000000000165bf3b : fmul dword ptr [rdi] ; pop rax ; fisttp word ptr [rax - 0x53] ; jmp rax
0x0000000004b20720 : imul al ; pop rdx ; jmp rdx
0x000000000175f3b4 : in al, dx ; pop rax ; ror dword ptr [rax - 0x53], cl ; vmovaps ymm3, ymm2 ; jmp rax
0x00000000027506bd : in eax, 0x5d ; pop rcx ; lea rsp, [rsp + r11*8] ; jmp rcx
0x0000000002750758 : in eax, 0x5d ; pop rcx ; lea rsp, [rsp + r12*8] ; jmp rcx
0x0000000002781af5 : in eax, 0x5d ; pop rcx ; lea rsp, [rsp + r14*8] ; jmp rcx
0x000000000270817b : in eax, 0x5d ; pop rcx ; lea rsp, [rsp + r15*8] ; jmp rcx
0x000000000270828e : in eax, 0x5d ; pop rcx ; lea rsp, [rsp + r8*8] ; jmp rcx
0x000000000270a5eb : in eax, 0x5d ; pop rcx ; lea rsp, [rsp + r9*8] ; jmp rcx
0x000000000270961e : in eax, 0x5d ; pop rcx ; lea rsp, [rsp + rdi*8] ; jmp rcx
0x0000000002726723 : in eax, 0x5d ; pop rcx ; lea rsp, [rsp + rdx*8] ; jmp rcx
0x00000000026dec34 : in eax, 0x5d ; pop rdx ; lea rsp, [rsp + rcx*8] ; jmp rdx
0x0000000003eaa85f : in eax, dx ; pop rax ; pop rdi ; call rax
0x0000000001754de6 : insb byte ptr [rdi], dx ; pop rax ; ror dword ptr [rax - 0x53], 1 ; jmp rax
0x000000000364a8b5 : je 0x364a878 ; pop rax ; or eax, 0xff3d0000 ; call qword ptr [rax]
0x000000000364b87f : je 0x364b842 ; pop rax ; or eax, 0xff3d0000 ; call qword ptr [rax]
0x000000000174e4b5 : jge 0x174e4d5 ; pop rax ; or al, 0x48 ; lodsd eax, dword ptr [rsi] ; jmp rax
0x0000000003de6231 : jl 0x3de625f ; pop rax ; mov rax, qword ptr [rdi] ; xor esi, esi ; call qword ptr [rax]
0x0000000003eaa85b : jne 0x3eaa877 ; xor rbp, rbp ; pop rax ; pop rdi ; call rax
0x000000000165d959 : leave ; add byte ptr [rcx + 0xf], al ; pop rax ; leave ; lodsq rax, qword ptr [rsi] ; jmp rax
0x0000000003fd6028 : lodsd eax, dword ptr [rsi] ; pop rax ; out 0xff, eax ; call rax
0x0000000003cfeba5 : mov eax, 0x3b058b48 ; pop rax ; loope 0x3cfebb7 ; call qword ptr [rax]
0x0000000001751a35 : mov esp, 0xe4c5db59 ; pop rax ; fisttp word ptr [rax - 0x53] ; jmp rax
0x00000000027506bc : mov esp, ebp ; pop rbp ; pop rcx ; lea rsp, [rsp + r11*8] ; jmp rcx
0x0000000002750757 : mov esp, ebp ; pop rbp ; pop rcx ; lea rsp, [rsp + r12*8] ; jmp rcx
0x0000000002781af4 : mov esp, ebp ; pop rbp ; pop rcx ; lea rsp, [rsp + r14*8] ; jmp rcx
0x000000000270817a : mov esp, ebp ; pop rbp ; pop rcx ; lea rsp, [rsp + r15*8] ; jmp rcx
0x000000000270828d : mov esp, ebp ; pop rbp ; pop rcx ; lea rsp, [rsp + r8*8] ; jmp rcx
0x000000000270a5ea : mov esp, ebp ; pop rbp ; pop rcx ; lea rsp, [rsp + r9*8] ; jmp rcx
0x000000000270961d : mov esp, ebp ; pop rbp ; pop rcx ; lea rsp, [rsp + rdi*8] ; jmp rcx
0x0000000002726722 : mov esp, ebp ; pop rbp ; pop rcx ; lea rsp, [rsp + rdx*8] ; jmp rcx
0x00000000026dec33 : mov esp, ebp ; pop rbp ; pop rdx ; lea rsp, [rsp + rcx*8] ; jmp rdx
0x000000000163cd4e : mov gs, word ptr [rsi - 0x73000000] ; pop rcx ; jmp qword ptr [rcx]
0x00000000027506bb : mov rsp, rbp ; pop rbp ; pop rcx ; lea rsp, [rsp + r11*8] ; jmp rcx
0x0000000002750756 : mov rsp, rbp ; pop rbp ; pop rcx ; lea rsp, [rsp + r12*8] ; jmp rcx
0x0000000002781af3 : mov rsp, rbp ; pop rbp ; pop rcx ; lea rsp, [rsp + r14*8] ; jmp rcx
0x0000000002708179 : mov rsp, rbp ; pop rbp ; pop rcx ; lea rsp, [rsp + r15*8] ; jmp rcx
0x000000000270828c : mov rsp, rbp ; pop rbp ; pop rcx ; lea rsp, [rsp + r8*8] ; jmp rcx
0x000000000270a5e9 : mov rsp, rbp ; pop rbp ; pop rcx ; lea rsp, [rsp + r9*8] ; jmp rcx
0x000000000270961c : mov rsp, rbp ; pop rbp ; pop rcx ; lea rsp, [rsp + rdi*8] ; jmp rcx
0x0000000002726721 : mov rsp, rbp ; pop rbp ; pop rcx ; lea rsp, [rsp + rdx*8] ; jmp rcx
0x00000000026dec32 : mov rsp, rbp ; pop rbp ; pop rdx ; lea rsp, [rsp + rcx*8] ; jmp rdx
0x0000000004bc680e : pop r8 ; mov rdi, rax ; jmp r8
0x00000000036bf96c : pop rax ; adc edx, ebx ; std ; jmp rax
0x0000000003ecbfc7 : pop rax ; add al, 0 ; add byte ptr [rcx - 0x2976b709], cl ; jmp rax
0x00000000062a0f9c : pop rax ; add al, 0 ; add byte ptr [rcx - 0x7f], cl ; jmp qword ptr [rax]
0x0000000002e5461f : pop rax ; add al, byte ptr [rax] ; add byte ptr [rax + 0xf], al ; mov dh, 0xf6 ; jmp rax
0x0000000003ecb947 : pop rax ; add al, byte ptr [rax] ; add byte ptr [rcx - 0x2976b709], cl ; jmp rax
0x0000000002e9e2f9 : pop rax ; add byte ptr [rax], al ; add byte ptr [rax - 0x73], cl ; jge 0x2e9e303 ; call rax
0x0000000004fbde9d : pop rax ; add byte ptr [rax], al ; add byte ptr [rcx + rcx*4 - 0x11], cl ; call rax
0x0000000004fbe186 : pop rax ; add byte ptr [rax], al ; add byte ptr [rcx + rcx*4 - 0x19], cl ; call rax
0x0000000004fe9561 : pop rax ; add byte ptr [rax], al ; add byte ptr [rcx + rcx*4 - 9], cl ; call rax
0x0000000003a0db02 : pop rax ; add byte ptr [rax], al ; add byte ptr [rsi + 1], bh ; call qword ptr [rax]
0x0000000005963384 : pop rax ; add byte ptr [rax], al ; mov rsi, rdx ; jmp rax
0x000000000370b5b4 : pop rax ; add dword ptr [rax], eax ; add byte ptr [rcx - 0x7d], cl ; jmp qword ptr [rax]
0x000000000356eb7a : pop rax ; add eax, 0x8b480000 ; jmp rax
0x00000000059da0ae : pop rax ; add eax, dword ptr [rax] ; add byte ptr [rcx + rcx*4 - 0x19], cl ; call rax
0x00000000031b6adc : pop rax ; add rcx, 0x60 ; jmp rax
0x00000000063fdb69 : pop rax ; add rdx, 0x10 ; mov rax, qword ptr [rdi] ; call qword ptr [rax]
0x00000000031b6bcd : pop rax ; add rdx, 0x60 ; jmp rax
0x0000000002d7decd : pop rax ; add rsp, 8 ; pop rbx ; pop rbp ; jmp rax
0x00000000034d41db : pop rax ; call qword ptr [rax]
0x000000000180292e : pop rax ; call rax
0x0000000004b7de8b : pop rax ; cld ; movsxd rax, dword ptr [rcx + rax*4] ; add rax, rcx ; jmp rax
0x000000000281397a : pop rax ; dec byte ptr [rax + 0x63] ; add al, 0x81 ; add rax, rcx ; jmp rax
0x00000000017971f6 : pop rax ; dec dword ptr [rax + 0x63] ; add al, 0x81 ; add rax, rcx ; jmp rax
0x0000000001753e70 : pop rax ; dec dword ptr [rax - 0x53] ; jmp rax
0x0000000003d4ecf1 : pop rax ; fadd qword ptr [rdx] ; call qword ptr [rax]
0x0000000001751bd5 : pop rax ; ffreep st(4) ; shl dword ptr [rbp + rbx*2 - 0x28], 0x48 ; lodsd eax, dword ptr [rsi] ; jmp rax
0x00000000017525da : pop rax ; ffreep st(4) ; shl dword ptr [rsp + rbx*2 - 0x24], 0x48 ; lodsd eax, dword ptr [rsi] ; jmp rax
0x000000000165c36e : pop rax ; fild word ptr [rcx + 0xf] ; pop rbp ; fmul dword ptr [rax - 0x53] ; jmp rax
0x000000000165dde4 : pop rax ; fimul dword ptr [rax - 0x53] ; jmp rax
0x000000000165c751 : pop rax ; fimul dword ptr [rax - 0x53] ; movaps xmm2, xmm8 ; jmp rax
0x00000000017519ca : pop rax ; fisttp dword ptr [rax - 0x53] ; jmp rax
0x000000000176b909 : pop rax ; fisttp dword ptr [rax - 0x53] ; movaps xmm0, xmm8 ; jmp rax
0x000000000165bf3d : pop rax ; fisttp word ptr [rax - 0x53] ; jmp rax
0x000000000176b794 : pop rax ; fisttp word ptr [rax - 0x53] ; movaps xmm0, xmm8 ; jmp rax
0x0000000003d7ee8b : pop rax ; fld dword ptr [rdx] ; mov edi, 0x820 ; call qword ptr [rax]
0x000000000165c232 : pop rax ; fmul dword ptr [rax - 0x53] ; jmp rax
0x0000000001605306 : pop rax ; jmp rax
0x0000000003ebce53 : pop rax ; jnp 0x3ebce1f ; cld ; call rax
0x00000000059e4764 : pop rax ; jnp 0x59e4769 ; mov rsi, rdx ; jmp rax
0x0000000004a3a02c : pop rax ; lea rdx, [rbp - 0x58] ; mov rdi, rbx ; call qword ptr [rax]
0x000000000165d95d : pop rax ; leave ; lodsq rax, qword ptr [rsi] ; jmp rax
0x0000000001752ee6 : pop rax ; leave ; lodsq rax, qword ptr [rsi] ; vmovaps ymm0, ymm8 ; jmp rax
0x0000000003cfebaa : pop rax ; loope 0x3cfebb2 ; call qword ptr [rax]
0x0000000003ebb444 : pop rax ; mov al, 0xfc ; call rax
0x00000000040faf86 : pop rax ; mov edx, ecx ; jmp rax
0x0000000003a72248 : pop rax ; mov esi, dword ptr [r14 + 0x58] ; mov rax, qword ptr [rdi] ; call qword ptr [rax]
0x000000000180325a : pop rax ; mov r12, rcx ; call rax
0x0000000002f70e44 : pop rax ; mov rax, qword ptr [rbx] ; mov rdi, rbx ; call qword ptr [rax]
0x0000000006272a61 : pop rax ; mov rax, qword ptr [rdi + 8] ; add rdi, 8 ; call qword ptr [rax]
0x0000000002d8ba71 : pop rax ; mov rax, qword ptr [rdi] ; call qword ptr [rax]
0x0000000003de6482 : pop rax ; mov rax, qword ptr [rdi] ; mov esi, 1 ; call qword ptr [rax]
0x0000000003de701e : pop rax ; mov rax, qword ptr [rdi] ; mov esi, 6 ; call qword ptr [rax]
0x00000000033b0483 : pop rax ; mov rax, qword ptr [rdi] ; mov rax, qword ptr [rax + 0x18] ; jmp rax
0x000000000339a983 : pop rax ; mov rax, qword ptr [rdi] ; mov rax, qword ptr [rax + 0x20] ; jmp rax
0x0000000001a9d1c9 : pop rax ; mov rax, qword ptr [rdi] ; mov rax, qword ptr [rax + 0x28] ; jmp rax
0x00000000018a40b3 : pop rax ; mov rax, qword ptr [rdi] ; mov rax, qword ptr [rax + 0x30] ; jmp rax
0x00000000051cd193 : pop rax ; mov rax, qword ptr [rdi] ; mov rax, qword ptr [rax + 0x38] ; jmp rax
0x0000000003396153 : pop rax ; mov rax, qword ptr [rdi] ; mov rax, qword ptr [rax + 0x70] ; jmp rax
0x0000000002d59eeb : pop rax ; mov rax, qword ptr [rdi] ; mov rsi, r14 ; call qword ptr [rax]
0x0000000006272b0b : pop rax ; mov rax, qword ptr [rdi] ; mov rsi, r15 ; mov rdx, r14 ; call qword ptr [rax]
0x0000000003de6233 : pop rax ; mov rax, qword ptr [rdi] ; xor esi, esi ; call qword ptr [rax]
0x0000000002bb361e : pop rax ; mov rcx, qword ptr [rax] ; mov rdi, rax ; call qword ptr [rcx]
0x0000000002ffa1b3 : pop rax ; mov rdi, rbx ; call rax
0x00000000016131b4 : pop rax ; mov rdi, rbx ; pop rbx ; pop r14 ; pop rbp ; jmp rax
0x0000000001acd307 : pop rax ; mov rdi, rsi ; mov rsi, rdx ; jmp rax
0x0000000002fb0ef9 : pop rax ; mov rsi, r14 ; pop rbx ; pop r14 ; pop rbp ; jmp rax
0x00000000045d9fac : pop rax ; mov rsi, rbx ; pop rbx ; pop r14 ; pop rbp ; jmp rax
0x0000000005903093 : pop rax ; movzx edx, dl ; jmp rax
0x0000000002cd6f6f : pop rax ; movzx esi, cl ; jmp rax
0x000000000516ecc3 : pop rax ; movzx esi, dl ; jmp rax
0x00000000049480c2 : pop rax ; movzx esi, sil ; jmp rax
0x000000000174e4b7 : pop rax ; or al, 0x48 ; lodsd eax, dword ptr [rsi] ; jmp rax
0x000000000364a772 : pop rax ; or eax, 0xff3d0000 ; call qword ptr [rax]
0x0000000003fd6029 : pop rax ; out 0xff, eax ; call rax
0x000000000174fde6 : pop rax ; pop rbx ; pop r12 ; pop r14 ; pop r15 ; jmp rax
0x0000000002a33a86 : pop rax ; pop rbx ; pop r14 ; pop r15 ; pop rbp ; jmp rax
0x0000000003eaa860 : pop rax ; pop rdi ; call rax
0x0000000004bf4763 : pop rax ; pop rdx ; std ; mov rsi, rdx ; jmp rax
0x0000000001da0a6e : pop rax ; pop rsi ; sar esi, 1 ; call rax
0x0000000001761efa : pop rax ; rol ah, 1 ; shl dword ptr [rax + rbx*2 - 0x28], 0x48 ; lodsd eax, dword ptr [rsi] ; jmp rax
0x00000000016626b7 : pop rax ; rol byte ptr [rcx + 0xf], 1 ; pop rax ; fmul dword ptr [rax - 0x53] ; jmp rax
0x0000000001761f4a : pop rax ; rol esp, 1 ; shl dword ptr [rax + rbx*2 - 0x27], 0x48 ; lodsd eax, dword ptr [rsi] ; jmp rax
0x000000000165f8ef : pop rax ; ror dword ptr [rax - 0x53], 0x41 ; movaps xmm2, xmm0 ; jmp rax
0x0000000001754de7 : pop rax ; ror dword ptr [rax - 0x53], 1 ; jmp rax
0x000000000165dad2 : pop rax ; ror dword ptr [rax - 0x53], cl ; movaps xmm2, xmm10 ; jmp rax
0x000000000175f3b5 : pop rax ; ror dword ptr [rax - 0x53], cl ; vmovaps ymm3, ymm2 ; jmp rax
0x00000000058a2c7c : pop rax ; sbb ah, byte ptr [rdi] ; add dword ptr [rdi + 0x148], edi ; call qword ptr [rax]
0x0000000005898574 : pop rax ; shl dword ptr [rdi], 1 ; call qword ptr [rax]
0x000000000165eb50 : pop rax ; stc ; lodsq rax, qword ptr [rsi] ; jmp rax
0x0000000005baf6c0 : pop rax ; sti ; movsxd rax, dword ptr [rcx + rax*4] ; add rax, rcx ; jmp rax
0x0000000003a00a6a : pop rax ; sub al, 0x48 ; mov eax, dword ptr [rdi] ; call qword ptr [rax]
0x0000000003a17d67 : pop rax ; sub al, 0x49 ; mov eax, dword ptr [rsi] ; mov rdi, r14 ; call qword ptr [rax]
0x000000000349b50c : pop rax ; test rax, rax ; je 0x349b51a ; jmp rax
0x000000000349b50b : pop rax ; test rax, rax ; je 0x349b51b ; jmp rax
0x0000000003db36ef : pop rax ; test rax, rax ; je 0x3db36fd ; jmp rax
0x0000000003db36ee : pop rax ; test rax, rax ; je 0x3db36fe ; jmp rax
0x0000000005a46389 : pop rax ; test rdi, rdi ; je 0x5a4639d ; mov rax, qword ptr [rdi] ; call qword ptr [rax]
0x00000000062ea9ed : pop rax ; test rdi, rdi ; je 0x62eaa27 ; mov rax, qword ptr [rdi] ; call qword ptr [rax]
0x000000000165bc9f : pop rax ; xor byte ptr [rax - 0x53], cl ; jmp rax
0x00000000046372cf : pop rax ; xor byte ptr [rax - 0x75], cl ; jnp 0x46372f6 ; mov rax, qword ptr [rdi] ; call qword ptr [rax]
0x0000000004637c41 : pop rax ; xor byte ptr [rax - 0x75], cl ; jnp 0x4637c68 ; mov rax, qword ptr [rdi] ; call qword ptr [rax]
0x0000000004644594 : pop rax ; xor byte ptr [rax - 0x75], cl ; jnp 0x46445bb ; mov rax, qword ptr [rdi] ; call qword ptr [rax]
0x0000000003dcef69 : pop rax ; xor edx, edx ; jmp rax
0x000000000610a05e : pop rax ; xor esi, esi ; add rsp, 8 ; pop rbx ; pop rbp ; jmp rax
0x0000000002c51d3e : pop rax ; xor esi, esi ; xor edx, edx ; jmp rax
0x0000000004d38381 : pop rbp ; cwde ; mov rsi, rbx ; mov rax, qword ptr [rbp - 0x58] ; call qword ptr [rax]
0x0000000004ed280a : pop rbp ; enter -0x76b8, -0x22 ; mov rax, qword ptr [rbp - 0x70] ; call qword ptr [rax]
0x0000000001f7d17b : pop rbp ; mov al, 0x48 ; mov esi, ebx ; mov rax, qword ptr [rbp - 0x40] ; call qword ptr [rax]
0x000000000474c8cc : pop rbp ; mov al, 0x48 ; mov esi, ebx ; mov rax, qword ptr [rbp - 0x48] ; call qword ptr [rax]
0x0000000003951f53 : pop rbp ; nop ; mov rsi, rbx ; mov rax, qword ptr [rbp - 0x48] ; call qword ptr [rax]
0x00000000027506be : pop rbp ; pop rcx ; lea rsp, [rsp + r11*8] ; jmp rcx
0x0000000002750759 : pop rbp ; pop rcx ; lea rsp, [rsp + r12*8] ; jmp rcx
0x0000000002781af6 : pop rbp ; pop rcx ; lea rsp, [rsp + r14*8] ; jmp rcx
0x000000000270817c : pop rbp ; pop rcx ; lea rsp, [rsp + r15*8] ; jmp rcx
0x000000000270828f : pop rbp ; pop rcx ; lea rsp, [rsp + r8*8] ; jmp rcx
0x000000000270a5ec : pop rbp ; pop rcx ; lea rsp, [rsp + r9*8] ; jmp rcx
0x000000000270961f : pop rbp ; pop rcx ; lea rsp, [rsp + rdi*8] ; jmp rcx
0x0000000002726724 : pop rbp ; pop rcx ; lea rsp, [rsp + rdx*8] ; jmp rcx
0x00000000026dec35 : pop rbp ; pop rdx ; lea rsp, [rsp + rcx*8] ; jmp rdx
0x0000000001dcabbb : pop rbp ; test al, 0x48 ; mov esi, ebx ; mov rax, qword ptr [rbp - 0x48] ; call qword ptr [rax]
0x00000000026e57a2 : pop rcx ; add rsp, rbx ; jmp rcx
0x0000000001794fb6 : pop rcx ; dec dword ptr [rax + 0x63] ; or al, 0x8a ; add rcx, rdx ; jmp rcx
0x000000000165dde0 : pop rcx ; fadd dword ptr [rcx + 0xf] ; pop rax ; fimul dword ptr [rax - 0x53] ; jmp rax
0x000000000165c342 : pop rcx ; fild word ptr [rcx + 0xf] ; pop rax ; fmul dword ptr [rax - 0x53] ; jmp rax
0x000000000165c048 : pop rcx ; fimul dword ptr [rdi] ; pop rax ; fisttp word ptr [rax - 0x53] ; jmp rax
0x000000000588a830 : pop rcx ; fistp qword ptr [rbx] ; sti ; xor eax, eax ; call qword ptr [rcx]
0x000000000165bf3a : pop rcx ; fmul dword ptr [rdi] ; pop rax ; fisttp word ptr [rax - 0x53] ; jmp rax
0x000000000163cd54 : pop rcx ; jmp qword ptr [rcx]
0x00000000027506bf : pop rcx ; lea rsp, [rsp + r11*8] ; jmp rcx
0x000000000275075a : pop rcx ; lea rsp, [rsp + r12*8] ; jmp rcx
0x0000000002781af7 : pop rcx ; lea rsp, [rsp + r14*8] ; jmp rcx
0x000000000270817d : pop rcx ; lea rsp, [rsp + r15*8] ; jmp rcx
0x0000000002708290 : pop rcx ; lea rsp, [rsp + r8*8] ; jmp rcx
0x000000000270a5ed : pop rcx ; lea rsp, [rsp + r9*8] ; jmp rcx
0x0000000002709620 : pop rcx ; lea rsp, [rsp + rdi*8] ; jmp rcx
0x0000000002726725 : pop rcx ; lea rsp, [rsp + rdx*8] ; jmp rcx
0x0000000003dc5227 : pop rcx ; loop 0x3dc5219 ; cld ; xor eax, eax ; call qword ptr [rcx]
0x00000000018ade2a : pop rcx ; mov bl, 0xe8 ; jmp qword ptr [rcx]
0x0000000005ba02b0 : pop rcx ; sti ; movsxd rcx, dword ptr [rdx + rcx*4] ; add rcx, rdx ; jmp rcx
0x000000000625750a : pop rcx ; sub al, 0x48 ; mov ecx, dword ptr [rax] ; mov rdi, rax ; call qword ptr [rcx]
0x0000000004880e62 : pop rdi ; or byte ptr [rax - 0x75], cl ; jg 0x4880e89 ; mov rax, qword ptr [rdi] ; call qword ptr [rax]
0x00000000048810c2 : pop rdi ; or byte ptr [rax - 0x75], cl ; jg 0x48810e9 ; mov rax, qword ptr [rdi] ; call qword ptr [rax]
0x0000000001978363 : pop rdi ; ror dword ptr [rax - 0x75], 0x3b ; mov rax, qword ptr [rdi] ; call qword ptr [rax]
0x0000000006258412 : pop rdi ; xor byte ptr [rcx - 0x75], cl ; jg 0x6258439 ; mov rax, qword ptr [rdi] ; call qword ptr [rax]
0x000000000625846e : pop rdi ; xor byte ptr [rcx - 0x75], cl ; jg 0x6258495 ; mov rax, qword ptr [rdi] ; call qword ptr [rax]
0x00000000046d8c7a : pop rdx ; cwde ; cld ; movsxd rdx, dword ptr [rsi + rdx*4] ; add rdx, rsi ; jmp rdx
0x000000000177bdf1 : pop rdx ; dec dword ptr [rax + 0x63] ; adc al, 0x93 ; add rdx, rbx ; jmp rdx
0x0000000004b20722 : pop rdx ; jmp rdx
0x00000000026dec36 : pop rdx ; lea rsp, [rsp + rcx*8] ; jmp rdx
0x0000000003a0286f : pop rdx ; std ; movsxd rdx, dword ptr [rax + rdx*4] ; add rdx, rax ; jmp rdx
0x00000000054225b8 : pop rsi ; mov rax, qword ptr [rsi] ; lea rdi, [rbp - 0x48] ; call qword ptr [rax]
0x0000000002bb361d : push rax ; pop rax ; mov rcx, qword ptr [rax] ; mov rdi, rax ; call qword ptr [rcx]
0x0000000003cfeba4 : push rbp ; mov eax, 0x3b058b48 ; pop rax ; loope 0x3cfebb8 ; call qword ptr [rax]
0x00000000016626b8 : rol byte ptr [rcx + 0xf], 1 ; pop rax ; fmul dword ptr [rax - 0x53] ; jmp rax
0x0000000003eaa85a : sal byte ptr [rbp + 0x13], 0x48 ; xor ebp, ebp ; pop rax ; pop rdi ; call rax
0x0000000003eaa859 : test eax, eax ; jne 0x3eaa879 ; xor rbp, rbp ; pop rax ; pop rdi ; call rax
0x0000000003eaa85e : xor ebp, ebp ; pop rax ; pop rdi ; call rax
0x0000000003eaa85d : xor rbp, rbp ; pop rax ; pop rdi ; call rax

Unique gadgets found: 210
