Finding dispatchers
Finding dispatchers
Gadgets information
============================================================
0x000000000067be03 : add ah, bh ; pop rcx ; add byte ptr [rax], al ; clc ; jb 0x67be0e ; call qword ptr [rcx]
0x0000000000639e97 : add byte ptr [rax - 0x75], cl ; pop rbx ; or byte ptr [rax - 0x7d], cl ; jrcxz 0x639ea1 ; jmp qword ptr [rbx]
0x0000000000639ecf : add byte ptr [rax - 0x75], cl ; pop rbx ; or byte ptr [rax - 0x7d], cl ; jrcxz 0x639ed9 ; jmp qword ptr [rbx]
0x0000000000639eef : add byte ptr [rax - 0x75], cl ; pop rbx ; or byte ptr [rax - 0x7d], cl ; jrcxz 0x639ef9 ; jmp qword ptr [rbx]
0x000000000067be02 : add byte ptr [rax], al ; cld ; pop rcx ; add byte ptr [rax], al ; clc ; jb 0x67be0f ; call qword ptr [rcx]
0x000000000067be04 : cld ; pop rcx ; add byte ptr [rax], al ; clc ; jb 0x67be0d ; call qword ptr [rcx]
0x0000000000675a8f : inc eax ; pop rax ; add byte ptr [rax], al ; adc byte ptr [rax - 5], dh ; call qword ptr [rax]
0x0000000000675a91 : pop rax ; add byte ptr [rax], al ; adc byte ptr [rax - 5], dh ; call qword ptr [rax]
0x000000000067c135 : pop rbp ; add byte ptr [rax], al ; cmp byte ptr [rdx], dh ; cld ; call rsp
0x00000000005d97cb : pop rbx ; add al, 0 ; jmp qword ptr [rbx]
0x00000000005f9853 : pop rbx ; add al, byte ptr [rax] ; jmp qword ptr [rbx]
0x000000000040fd7a : pop rbx ; mov byte ptr [rax], al ; test bl, 7 ; jne 0x40fda8 ; jmp qword ptr [rbx]
0x00000000004c8012 : pop rbx ; mov dword ptr [rax], eax ; jmp qword ptr [rbx]
0x0000000000639e9a : pop rbx ; or byte ptr [rax - 0x7d], cl ; jrcxz 0x639e9e ; jmp qword ptr [rbx]
0x0000000000639ed2 : pop rbx ; or byte ptr [rax - 0x7d], cl ; jrcxz 0x639ed6 ; jmp qword ptr [rbx]
0x0000000000639ef2 : pop rbx ; or byte ptr [rax - 0x7d], cl ; jrcxz 0x639ef6 ; jmp qword ptr [rbx]
0x00000000006054b2 : pop rbx ; or eax, 0x7507c3f6 ; xchg eax, edi ; jmp qword ptr [rbx]
0x000000000067be05 : pop rcx ; add byte ptr [rax], al ; clc ; jb 0x67be0c ; call qword ptr [rcx]
0x000000000067b319 : pop rsi ; sti ; call rsi
0x0000000000675a8e : sti ; inc eax ; pop rax ; add byte ptr [rax], al ; adc byte ptr [rax - 5], dh ; call qword ptr [rax]

Unique gadgets found: 20
